This is pdfTeX, Version 3.141592653-2.6-1.40.27 (MiKTeX 25.3) (preloaded format=pdflatex 2025.4.25)  28 APR 2025 08:14
entering extended mode
 restricted \write18 enabled.
 file:line:error style messages enabled.
 %&-line parsing enabled.
**c:/Users/gabma/Documents/GitHub/ArandanoIRT/GradeBook/main.tex
(c:/Users/gabma/Documents/GitHub/ArandanoIRT/GradeBook/main.tex
LaTeX2e <2024-11-01> patch level 2
L3 programming layer <2025-03-26>
(C:\Users\gabma\AppData\Local\Programs\MiKTeX\tex/latex/base\book.cls
Document Class: book 2024/06/29 v1.4n Standard LaTeX document class
(C:\Users\gabma\AppData\Local\Programs\MiKTeX\tex/latex/base\bk12.clo
File: bk12.clo 2024/06/29 v1.4n Standard LaTeX file (size option)
)
\c@part=\count197
\c@chapter=\count198
\c@section=\count199
\c@subsection=\count266
\c@subsubsection=\count267
\c@paragraph=\count268
\c@subparagraph=\count269
\c@figure=\count270
\c@table=\count271
\abovecaptionskip=\skip49
\belowcaptionskip=\skip50
\bibindent=\dimen146
) (C:\Users\gabma\AppData\Local\Programs\MiKTeX\tex/generic/babel\babel.sty
Package: babel 2025/03/27 v25.6 The multilingual framework for pdfLaTeX, LuaLaTeX and XeLaTeX
\babel@savecnt=\count272
\U@D=\dimen147
\l@unhyphenated=\language79
 (C:\Users\gabma\AppData\Local\Programs\MiKTeX\tex/generic/babel\txtbabel.def)
\bbl@readstream=\read2
\bbl@dirlevel=\count273

*************************************
* Local config file bblopts.cfg used
*
(C:\Users\gabma\AppData\Local\Programs\MiKTeX\tex/latex/arabi\bblopts.cfg
File: bblopts.cfg 2005/09/08 v0.1 add Arabic and Farsi to "declared" options of babel
) (C:\Users\gabma\AppData\Local\Programs\MiKTeX\tex/latex/babel-spanish\spanish.ldf
Language: spanish.ldf 2021/05/27 v5.0q Spanish support from the babel system
\es@quottoks=\toks17
\es@quotdepth=\count274
Package babel Info: Making " an active character on input line 570.
Package babel Info: Making . an active character on input line 675.
Package babel Info: Making < an active character on input line 722.
Package babel Info: Making > an active character on input line 722.
)) (C:\Users\gabma\AppData\Local\Programs\MiKTeX\tex/generic/babel/locale/es\babel-spanish.tex
Package babel Info: Importing font and identification data for spanish
(babel)             from babel-es.ini. Reported on input line 11.
) (C:\Users\gabma\AppData\Local\Programs\MiKTeX\tex/latex/base\inputenc.sty
Package: inputenc 2024/02/08 v1.3d Input encoding file
\inpenc@prehook=\toks18
\inpenc@posthook=\toks19
) (C:\Users\gabma\AppData\Local\Programs\MiKTeX\tex/latex/base\fontenc.sty
Package: fontenc 2021/04/29 v2.0v Standard LaTeX package
) (C:\Users\gabma\AppData\Local\Programs\MiKTeX\tex/latex/newtx\newtxtext.sty
Package: newtxtext 2024/04/01 v1.744(Michael Sharpe) latex and unicode latex support for TeXGyreTermesX
 `newtxtext' v1.744, 2024/04/01 Text macros taking advantage of TeXGyre Termes and its extensions (msharpe) (C:\Users\gabma\AppData\Local\Programs\MiKTeX\tex/latex/xpatch\xpatch.sty (C:\Users\gabma\AppData\Local\Programs\MiKTeX\tex/latex/l3kernel\expl3.sty
Package: expl3 2025-03-26 L3 programming layer (loader) 
 (C:\Users\gabma\AppData\Local\Programs\MiKTeX\tex/latex/l3backend\l3backend-pdftex.def
File: l3backend-pdftex.def 2025-03-14 L3 backend support: PDF output (pdfTeX)
\l__color_backend_stack_int=\count275
))
Package: xpatch 2020/03/25 v0.3a Extending etoolbox patching commands
 (C:\Users\gabma\AppData\Local\Programs\MiKTeX\tex/latex/l3packages/xparse\xparse.sty
Package: xparse 2024-08-16 L3 Experimental document command parser
) (C:\Users\gabma\AppData\Local\Programs\MiKTeX\tex/latex/etoolbox\etoolbox.sty
Package: etoolbox 2025/02/11 v2.5l e-TeX tools for LaTeX (JAW)
\etb@tempcnta=\count276
)) (C:\Users\gabma\AppData\Local\Programs\MiKTeX\tex/latex/xcolor\xcolor.sty
Package: xcolor 2024/09/29 v3.02 LaTeX color extensions (UK)
 (C:\Users\gabma\AppData\Local\Programs\MiKTeX\tex/latex/graphics-cfg\color.cfg
File: color.cfg 2016/01/02 v1.6 sample color configuration
)
Package xcolor Info: Driver file: pdftex.def on input line 274.
 (C:\Users\gabma\AppData\Local\Programs\MiKTeX\tex/latex/graphics-def\pdftex.def
File: pdftex.def 2024/04/13 v1.2c Graphics/color driver for pdftex
) (C:\Users\gabma\AppData\Local\Programs\MiKTeX\tex/latex/graphics\mathcolor.ltx)
Package xcolor Info: Model `cmy' substituted by `cmy0' on input line 1349.
Package xcolor Info: Model `hsb' substituted by `rgb' on input line 1353.
Package xcolor Info: Model `RGB' extended on input line 1365.
Package xcolor Info: Model `HTML' substituted by `rgb' on input line 1367.
Package xcolor Info: Model `Hsb' substituted by `hsb' on input line 1368.
Package xcolor Info: Model `tHsb' substituted by `hsb' on input line 1369.
Package xcolor Info: Model `HSB' substituted by `hsb' on input line 1370.
Package xcolor Info: Model `Gray' substituted by `gray' on input line 1371.
Package xcolor Info: Model `wave' substituted by `hsb' on input line 1372.
) (C:\Users\gabma\AppData\Local\Programs\MiKTeX\tex/generic/iftex\iftex.sty
Package: iftex 2024/12/12 v1.0g TeX engine tests
) (C:\Users\gabma\AppData\Local\Programs\MiKTeX\tex/latex/xkeyval\xkeyval.sty
Package: xkeyval 2022/06/16 v2.9 package option processing (HA)
 (C:\Users\gabma\AppData\Local\Programs\MiKTeX\tex/generic/xkeyval\xkeyval.tex (C:\Users\gabma\AppData\Local\Programs\MiKTeX\tex/generic/xkeyval\xkvutils.tex
\XKV@toks=\toks20
\XKV@tempa@toks=\toks21
 (C:\Users\gabma\AppData\Local\Programs\MiKTeX\tex/generic/xkeyval\keyval.tex))
\XKV@depth=\count277
File: xkeyval.tex 2014/12/03 v2.7a key=value parser (HA)
)) (C:\Users\gabma\AppData\Local\Programs\MiKTeX\tex/latex/base\textcomp.sty
Package: textcomp 2024/04/24 v2.1b Standard LaTeX package
) (C:\Users\gabma\AppData\Local\Programs\MiKTeX\tex/latex/xstring\xstring.sty (C:\Users\gabma\AppData\Local\Programs\MiKTeX\tex/generic/xstring\xstring.tex
\xs_counta=\count278
\xs_countb=\count279
)
Package: xstring 2023/08/22 v1.86 String manipulations (CT)
) (C:\Users\gabma\AppData\Local\Programs\MiKTeX\tex/latex/base\ifthen.sty
Package: ifthen 2024/03/16 v1.1e Standard LaTeX ifthen package (DPC)
) (C:\Users\gabma\AppData\Local\Programs\MiKTeX\tex/latex/carlisle\scalefnt.sty)
LaTeX Font Info:    Setting ntxLF sub-encoding to TS1/0 on input line 24.
LaTeX Font Info:    Setting ntxTLF sub-encoding to TS1/0 on input line 24.
LaTeX Font Info:    Setting ntxOsF sub-encoding to TS1/0 on input line 24.
LaTeX Font Info:    Setting ntxTOsF sub-encoding to TS1/0 on input line 24.
 (C:\Users\gabma\AppData\Local\Programs\MiKTeX\tex/generic/binhex\binhex.tex)
\ntx@tmpcnta=\count280
\ntx@cnt=\count281
 (C:\Users\gabma\AppData\Local\Programs\MiKTeX\tex/latex/fontaxes\fontaxes.sty
Package: fontaxes 2020/07/21 v1.0e Font selection axes
LaTeX Info: Redefining \upshape on input line 29.
LaTeX Info: Redefining \itshape on input line 31.
LaTeX Info: Redefining \slshape on input line 33.
LaTeX Info: Redefining \swshape on input line 35.
LaTeX Info: Redefining \scshape on input line 37.
LaTeX Info: Redefining \sscshape on input line 39.
LaTeX Info: Redefining \ulcshape on input line 41.
LaTeX Info: Redefining \textsw on input line 47.
LaTeX Info: Redefining \textssc on input line 48.
LaTeX Info: Redefining \textulc on input line 49.
)
\tx@sixem=\dimen148
\tx@y=\dimen149
\tx@x=\dimen150
\tx@tmpdima=\dimen151
\tx@tmpdimb=\dimen152
\tx@tmpdimc=\dimen153
\tx@tmpdimd=\dimen154
\tx@tmpdime=\dimen155
\tx@tmpdimf=\dimen156
\tx@dimA=\dimen157
\tx@dimAA=\dimen158
\tx@dimB=\dimen159
\tx@dimBB=\dimen160
\tx@dimC=\dimen161
LaTeX Info: Redefining \oldstylenums on input line 902.
) (C:\Users\gabma\AppData\Local\Programs\MiKTeX\tex/latex/newtx\newtxmath.sty
Package: newtxmath 2024/09/22 v1.754
 `newtxmath' v1.754, 2024/09/22 Math macros based originally on txfonts (msharpe) (C:\Users\gabma\AppData\Local\Programs\MiKTeX\tex/latex/amsmath\amsmath.sty
Package: amsmath 2024/11/05 v2.17t AMS math features
\@mathmargin=\skip51

For additional information on amsmath, use the `?' option.
(C:\Users\gabma\AppData\Local\Programs\MiKTeX\tex/latex/amsmath\amstext.sty
Package: amstext 2021/08/26 v2.01 AMS text
 (C:\Users\gabma\AppData\Local\Programs\MiKTeX\tex/latex/amsmath\amsgen.sty
File: amsgen.sty 1999/11/30 v2.0 generic functions
\@emptytoks=\toks22
\ex@=\dimen162
)) (C:\Users\gabma\AppData\Local\Programs\MiKTeX\tex/latex/amsmath\amsbsy.sty
Package: amsbsy 1999/11/29 v1.2d Bold Symbols
\pmbraise@=\dimen163
) (C:\Users\gabma\AppData\Local\Programs\MiKTeX\tex/latex/amsmath\amsopn.sty
Package: amsopn 2022/04/08 v2.04 operator names
)
\inf@bad=\count282
LaTeX Info: Redefining \frac on input line 233.
\uproot@=\count283
\leftroot@=\count284
LaTeX Info: Redefining \overline on input line 398.
LaTeX Info: Redefining \colon on input line 409.
\classnum@=\count285
\DOTSCASE@=\count286
LaTeX Info: Redefining \ldots on input line 495.
LaTeX Info: Redefining \dots on input line 498.
LaTeX Info: Redefining \cdots on input line 619.
\Mathstrutbox@=\box53
\strutbox@=\box54
LaTeX Info: Redefining \big on input line 721.
LaTeX Info: Redefining \Big on input line 722.
LaTeX Info: Redefining \bigg on input line 723.
LaTeX Info: Redefining \Bigg on input line 724.
\big@size=\dimen164
LaTeX Font Info:    Redeclaring font encoding OML on input line 742.
LaTeX Font Info:    Redeclaring font encoding OMS on input line 743.
\macc@depth=\count287
LaTeX Info: Redefining \bmod on input line 904.
LaTeX Info: Redefining \pmod on input line 909.
LaTeX Info: Redefining \smash on input line 939.
LaTeX Info: Redefining \relbar on input line 969.
LaTeX Info: Redefining \Relbar on input line 970.
\c@MaxMatrixCols=\count288
\dotsspace@=\muskip17
\c@parentequation=\count289
\dspbrk@lvl=\count290
\tag@help=\toks23
\row@=\count291
\column@=\count292
\maxfields@=\count293
\andhelp@=\toks24
\eqnshift@=\dimen165
\alignsep@=\dimen166
\tagshift@=\dimen167
\tagwidth@=\dimen168
\totwidth@=\dimen169
\lineht@=\dimen170
\@envbody=\toks25
\multlinegap=\skip52
\multlinetaggap=\skip53
\mathdisplay@stack=\toks26
LaTeX Info: Redefining \[ on input line 2953.
LaTeX Info: Redefining \] on input line 2954.
) (C:\Users\gabma\AppData\Local\Programs\MiKTeX\tex/latex/oberdiek\centernot.sty
Package: centernot 2016/05/16 v1.4 Centers the not symbol horizontally (HO)
)
\tx@cntz=\count294
 (C:\Users\gabma\AppData\Local\Programs\MiKTeX\tex/generic/binhex\binhex.tex)
\tx@Isdigit=\count295
\tx@IsAlNum=\count296
\tx@tA=\toks27
\tx@tB=\toks28
\tx@su=\read3

amsthm NOT loaded
LaTeX Font Info:    Redeclaring symbol font `operators' on input line 402.
LaTeX Font Info:    Overwriting symbol font `operators' in version `normal'
(Font)                  OT1/cmr/m/n --> OT1/minntx/m/n on input line 402.
LaTeX Font Info:    Overwriting symbol font `operators' in version `bold'
(Font)                  OT1/cmr/bx/n --> OT1/minntx/m/n on input line 402.
LaTeX Font Info:    Overwriting symbol font `operators' in version `bold'
(Font)                  OT1/minntx/m/n --> OT1/minntx/b/n on input line 403.
LaTeX Font Info:    Redeclaring math alphabet \mathsf on input line 410.
LaTeX Font Info:    Overwriting math alphabet `\mathsf' in version `normal'
(Font)                  OT1/cmss/m/n --> OT1/qhv/m/n on input line 410.
LaTeX Font Info:    Overwriting math alphabet `\mathsf' in version `bold'
(Font)                  OT1/cmss/bx/n --> OT1/qhv/m/n on input line 410.
LaTeX Font Info:    Overwriting math alphabet `\mathsf' in version `bold'
(Font)                  OT1/qhv/m/n --> OT1/qhv/b/n on input line 412.
LaTeX Font Info:    Redeclaring math alphabet \mathit on input line 419.
LaTeX Font Info:    Overwriting math alphabet `\mathit' in version `normal'
(Font)                  OT1/cmr/m/it --> OT1/minntx/m/it on input line 419.
LaTeX Font Info:    Overwriting math alphabet `\mathit' in version `bold'
(Font)                  OT1/cmr/bx/it --> OT1/minntx/m/it on input line 419.
LaTeX Font Info:    Redeclaring math alphabet \mathtt on input line 420.
LaTeX Font Info:    Overwriting math alphabet `\mathtt' in version `normal'
(Font)                  OT1/cmtt/m/n --> T1/ntxtt/m/n on input line 420.
LaTeX Font Info:    Overwriting math alphabet `\mathtt' in version `bold'
(Font)                  OT1/cmtt/m/n --> T1/ntxtt/m/n on input line 420.
LaTeX Font Info:    Redeclaring math alphabet \mathbf on input line 422.
LaTeX Font Info:    Overwriting math alphabet `\mathbf' in version `normal'
(Font)                  OT1/cmr/bx/n --> OT1/minntx/b/n on input line 422.
LaTeX Font Info:    Overwriting math alphabet `\mathbf' in version `bold'
(Font)                  OT1/cmr/bx/n --> OT1/minntx/b/n on input line 422.
LaTeX Font Info:    Overwriting math alphabet `\mathit' in version `bold'
(Font)                  OT1/minntx/m/it --> OT1/minntx/b/it on input line 423.
LaTeX Font Info:    Overwriting math alphabet `\mathtt' in version `bold'
(Font)                  T1/ntxtt/m/n --> T1/ntxtt/b/n on input line 426.
LaTeX Font Info:    Redeclaring symbol font `letters' on input line 534.
LaTeX Font Info:    Overwriting symbol font `letters' in version `normal'
(Font)                  OML/cmm/m/it --> OML/ntxmi/m/it on input line 534.
LaTeX Font Info:    Overwriting symbol font `letters' in version `bold'
(Font)                  OML/cmm/b/it --> OML/ntxmi/m/it on input line 534.
LaTeX Font Info:    Overwriting symbol font `letters' in version `bold'
(Font)                  OML/ntxmi/m/it --> OML/ntxmi/b/it on input line 535.
\symlettersA=\mathgroup4
LaTeX Font Info:    Overwriting symbol font `lettersA' in version `bold'
(Font)                  U/ntxmia/m/it --> U/ntxmia/b/it on input line 582.
Now handling font encoding LMS ...
... no UTF-8 mapping file for font encoding LMS
LaTeX Font Info:    Redeclaring symbol font `symbols' on input line 604.
LaTeX Font Info:    Encoding `OMS' has changed to `LMS' for symbol font
(Font)              `symbols' in the math version `normal' on input line 604.
LaTeX Font Info:    Overwriting symbol font `symbols' in version `normal'
(Font)                  OMS/cmsy/m/n --> LMS/ntxsy/m/n on input line 604.
LaTeX Font Info:    Encoding `OMS' has changed to `LMS' for symbol font
(Font)              `symbols' in the math version `bold' on input line 604.
LaTeX Font Info:    Overwriting symbol font `symbols' in version `bold'
(Font)                  OMS/cmsy/b/n --> LMS/ntxsy/m/n on input line 604.
LaTeX Font Info:    Overwriting symbol font `symbols' in version `bold'
(Font)                  LMS/ntxsy/m/n --> LMS/ntxsy/b/n on input line 605.
\symAMSm=\mathgroup5
LaTeX Font Info:    Overwriting symbol font `AMSm' in version `bold'
(Font)                  U/ntxsym/m/n --> U/ntxsym/b/n on input line 630.
\symsymbolsC=\mathgroup6
LaTeX Font Info:    Overwriting symbol font `symbolsC' in version `bold'
(Font)                  U/ntxsyc/m/n --> U/ntxsyc/b/n on input line 651.
Now handling font encoding LMX ...
... no UTF-8 mapping file for font encoding LMX
LaTeX Font Info:    Redeclaring symbol font `largesymbols' on input line 664.
LaTeX Font Info:    Encoding `OMX' has changed to `LMX' for symbol font
(Font)              `largesymbols' in the math version `normal' on input line 664.
LaTeX Font Info:    Overwriting symbol font `largesymbols' in version `normal'
(Font)                  OMX/cmex/m/n --> LMX/ntxexx/m/n on input line 664.
LaTeX Font Info:    Encoding `OMX' has changed to `LMX' for symbol font
(Font)              `largesymbols' in the math version `bold' on input line 664.
LaTeX Font Info:    Overwriting symbol font `largesymbols' in version `bold'
(Font)                  OMX/cmex/m/n --> LMX/ntxexx/m/n on input line 664.
LaTeX Font Info:    Overwriting symbol font `largesymbols' in version `bold'
(Font)                  LMX/ntxexx/m/n --> LMX/ntxexx/b/n on input line 665.
\symlargesymbolsTXA=\mathgroup7
LaTeX Font Info:    Overwriting symbol font `largesymbolsTXA' in version `bold'
(Font)                  U/ntxexa/m/n --> U/ntxexa/b/n on input line 679.
\tx@sbptoks=\toks29
LaTeX Font Info:    Redeclaring math delimiter \lfloor on input line 902.
LaTeX Font Info:    Redeclaring math delimiter \rfloor on input line 903.
LaTeX Font Info:    Redeclaring math delimiter \lceil on input line 904.
LaTeX Font Info:    Redeclaring math delimiter \rceil on input line 905.
LaTeX Font Info:    Redeclaring math delimiter \lbrace on input line 910.
LaTeX Font Info:    Redeclaring math delimiter \rbrace on input line 911.
LaTeX Font Info:    Redeclaring math delimiter \langle on input line 913.
LaTeX Font Info:    Redeclaring math delimiter \rangle on input line 915.
LaTeX Font Info:    Redeclaring math delimiter \arrowvert on input line 919.
LaTeX Font Info:    Redeclaring math delimiter \vert on input line 920.
LaTeX Font Info:    Redeclaring math symbol \hbar on input line 966.
LaTeX Font Info:    Redeclaring math accent \dot on input line 991.
LaTeX Font Info:    Redeclaring math accent \ddot on input line 992.
LaTeX Font Info:    Redeclaring math accent \vec on input line 2057.
LaTeX Info: Redefining \Bbbk on input line 2847.
LaTeX Info: Redefining \not on input line 2995.
) (C:\Users\gabma\AppData\Local\Programs\MiKTeX\tex/latex/setspace\setspace.sty
Package: setspace 2022/12/04 v6.7b set line spacing
) (C:\Users\gabma\AppData\Local\Programs\MiKTeX\tex/latex/geometry\geometry.sty
Package: geometry 2020/01/02 v5.9 Page Geometry
 (C:\Users\gabma\AppData\Local\Programs\MiKTeX\tex/generic/iftex\ifvtex.sty
Package: ifvtex 2019/10/25 v1.7 ifvtex legacy package. Use iftex instead.
)
\Gm@cnth=\count297
\Gm@cntv=\count298
\c@Gm@tempcnt=\count299
\Gm@bindingoffset=\dimen171
\Gm@wd@mp=\dimen172
\Gm@odd@mp=\dimen173
\Gm@even@mp=\dimen174
\Gm@layoutwidth=\dimen175
\Gm@layoutheight=\dimen176
\Gm@layouthoffset=\dimen177
\Gm@layoutvoffset=\dimen178
\Gm@dimlist=\toks30
 (C:\Users\gabma\AppData\Local\Programs\MiKTeX\tex/latex/geometry\geometry.cfg)) (C:\Users\gabma\AppData\Local\Programs\MiKTeX\tex/latex/titlesec\titlesec.sty
Package: titlesec 2025/01/04 v2.17 Sectioning titles
\ttl@box=\box55
\beforetitleunit=\skip54
\aftertitleunit=\skip55
\ttl@plus=\dimen179
\ttl@minus=\dimen180
\ttl@toksa=\toks31
\titlewidth=\dimen181
\titlewidthlast=\dimen182
\titlewidthfirst=\dimen183
) (C:\Users\gabma\AppData\Local\Programs\MiKTeX\tex/latex/fancyhdr\fancyhdr.sty
Package: fancyhdr 2025/02/07 v5.2 Extensive control of page headers and footers
\f@nch@headwidth=\skip56
\f@nch@offset@elh=\skip57
\f@nch@offset@erh=\skip58
\f@nch@offset@olh=\skip59
\f@nch@offset@orh=\skip60
\f@nch@offset@elf=\skip61
\f@nch@offset@erf=\skip62
\f@nch@offset@olf=\skip63
\f@nch@offset@orf=\skip64
\f@nch@height=\skip65
\f@nch@footalignment=\skip66
\f@nch@widthL=\skip67
\f@nch@widthC=\skip68
\f@nch@widthR=\skip69
\@temptokenb=\toks32
) (C:\Users\gabma\AppData\Local\Programs\MiKTeX\tex/latex/graphics\graphicx.sty
Package: graphicx 2021/09/16 v1.2d Enhanced LaTeX Graphics (DPC,SPQR)
 (C:\Users\gabma\AppData\Local\Programs\MiKTeX\tex/latex/graphics\graphics.sty
Package: graphics 2024/08/06 v1.4g Standard LaTeX Graphics (DPC,SPQR)
 (C:\Users\gabma\AppData\Local\Programs\MiKTeX\tex/latex/graphics\trig.sty
Package: trig 2023/12/02 v1.11 sin cos tan (DPC)
) (C:\Users\gabma\AppData\Local\Programs\MiKTeX\tex/latex/graphics-cfg\graphics.cfg
File: graphics.cfg 2016/06/04 v1.11 sample graphics configuration
)
Package graphics Info: Driver file: pdftex.def on input line 106.
)
\Gin@req@height=\dimen184
\Gin@req@width=\dimen185
) (C:\Users\gabma\AppData\Local\Programs\MiKTeX\tex/latex/tocloft\tocloft.sty
Package: tocloft 2017/08/31 v2.3i parameterised ToC, etc., typesetting
Package tocloft Info: The document has chapter divisions on input line 51.
\cftparskip=\skip70
\cftbeforetoctitleskip=\skip71
\cftaftertoctitleskip=\skip72
\cftbeforepartskip=\skip73
\cftpartnumwidth=\skip74
\cftpartindent=\skip75
\cftbeforechapskip=\skip76
\cftchapindent=\skip77
\cftchapnumwidth=\skip78
\cftbeforesecskip=\skip79
\cftsecindent=\skip80
\cftsecnumwidth=\skip81
\cftbeforesubsecskip=\skip82
\cftsubsecindent=\skip83
\cftsubsecnumwidth=\skip84
\cftbeforesubsubsecskip=\skip85
\cftsubsubsecindent=\skip86
\cftsubsubsecnumwidth=\skip87
\cftbeforeparaskip=\skip88
\cftparaindent=\skip89
\cftparanumwidth=\skip90
\cftbeforesubparaskip=\skip91
\cftsubparaindent=\skip92
\cftsubparanumwidth=\skip93
\cftbeforeloftitleskip=\skip94
\cftafterloftitleskip=\skip95
\cftbeforefigskip=\skip96
\cftfigindent=\skip97
\cftfignumwidth=\skip98
\c@lofdepth=\count300
\c@lotdepth=\count301
\cftbeforelottitleskip=\skip99
\cftafterlottitleskip=\skip100
\cftbeforetabskip=\skip101
\cfttabindent=\skip102
\cfttabnumwidth=\skip103
) (C:\Users\gabma\AppData\Local\Programs\MiKTeX\tex/latex/hyperref\hyperref.sty
Package: hyperref 2024-11-05 v7.01l Hypertext links for LaTeX
 (C:\Users\gabma\AppData\Local\Programs\MiKTeX\tex/latex/kvsetkeys\kvsetkeys.sty
Package: kvsetkeys 2022-10-05 v1.19 Key value parser (HO)
) (C:\Users\gabma\AppData\Local\Programs\MiKTeX\tex/generic/kvdefinekeys\kvdefinekeys.sty
Package: kvdefinekeys 2019-12-19 v1.6 Define keys (HO)
) (C:\Users\gabma\AppData\Local\Programs\MiKTeX\tex/generic/pdfescape\pdfescape.sty
Package: pdfescape 2019/12/09 v1.15 Implements pdfTeX's escape features (HO)
 (C:\Users\gabma\AppData\Local\Programs\MiKTeX\tex/generic/ltxcmds\ltxcmds.sty
Package: ltxcmds 2023-12-04 v1.26 LaTeX kernel commands for general use (HO)
) (C:\Users\gabma\AppData\Local\Programs\MiKTeX\tex/generic/pdftexcmds\pdftexcmds.sty
Package: pdftexcmds 2020-06-27 v0.33 Utility functions of pdfTeX for LuaTeX (HO)
 (C:\Users\gabma\AppData\Local\Programs\MiKTeX\tex/generic/infwarerr\infwarerr.sty
Package: infwarerr 2019/12/03 v1.5 Providing info/warning/error messages (HO)
)
Package pdftexcmds Info: \pdf@primitive is available.
Package pdftexcmds Info: \pdf@ifprimitive is available.
Package pdftexcmds Info: \pdfdraftmode found.
)) (C:\Users\gabma\AppData\Local\Programs\MiKTeX\tex/latex/hycolor\hycolor.sty
Package: hycolor 2020-01-27 v1.10 Color options for hyperref/bookmark (HO)
) (C:\Users\gabma\AppData\Local\Programs\MiKTeX\tex/latex/hyperref\nameref.sty
Package: nameref 2023-11-26 v2.56 Cross-referencing by name of section
 (C:\Users\gabma\AppData\Local\Programs\MiKTeX\tex/latex/refcount\refcount.sty
Package: refcount 2019/12/15 v3.6 Data extraction from label references (HO)
) (C:\Users\gabma\AppData\Local\Programs\MiKTeX\tex/generic/gettitlestring\gettitlestring.sty
Package: gettitlestring 2019/12/15 v1.6 Cleanup title references (HO)
 (C:\Users\gabma\AppData\Local\Programs\MiKTeX\tex/latex/kvoptions\kvoptions.sty
Package: kvoptions 2022-06-15 v3.15 Key value format for package options (HO)
))
\c@section@level=\count302
) (C:\Users\gabma\AppData\Local\Programs\MiKTeX\tex/generic/stringenc\stringenc.sty
Package: stringenc 2019/11/29 v1.12 Convert strings between diff. encodings (HO)
)
\@linkdim=\dimen186
\Hy@linkcounter=\count303
\Hy@pagecounter=\count304
 (C:\Users\gabma\AppData\Local\Programs\MiKTeX\tex/latex/hyperref\pd1enc.def
File: pd1enc.def 2024-11-05 v7.01l Hyperref: PDFDocEncoding definition (HO)
Now handling font encoding PD1 ...
... no UTF-8 mapping file for font encoding PD1
) (C:\Users\gabma\AppData\Local\Programs\MiKTeX\tex/generic/intcalc\intcalc.sty
Package: intcalc 2019/12/15 v1.3 Expandable calculations with integers (HO)
)
\Hy@SavedSpaceFactor=\count305
 (C:\Users\gabma\AppData\Local\Programs\MiKTeX\tex/latex/hyperref\puenc.def
File: puenc.def 2024-11-05 v7.01l Hyperref: PDF Unicode definition (HO)
Now handling font encoding PU ...
... no UTF-8 mapping file for font encoding PU
)
Package hyperref Info: Hyper figures OFF on input line 4157.
Package hyperref Info: Link nesting OFF on input line 4162.
Package hyperref Info: Hyper index ON on input line 4165.
Package hyperref Info: Plain pages OFF on input line 4172.
Package hyperref Info: Backreferencing OFF on input line 4177.
Package hyperref Info: Implicit mode ON; LaTeX internals redefined.
Package hyperref Info: Bookmarks ON on input line 4424.
\c@Hy@tempcnt=\count306
 (C:\Users\gabma\AppData\Local\Programs\MiKTeX\tex/latex/url\url.sty
\Urlmuskip=\muskip18
Package: url 2013/09/16  ver 3.4  Verb mode for urls, etc.
)
LaTeX Info: Redefining \url on input line 4763.
\XeTeXLinkMargin=\dimen187
 (C:\Users\gabma\AppData\Local\Programs\MiKTeX\tex/generic/bitset\bitset.sty
Package: bitset 2019/12/09 v1.3 Handle bit-vector datatype (HO)
 (C:\Users\gabma\AppData\Local\Programs\MiKTeX\tex/generic/bigintcalc\bigintcalc.sty
Package: bigintcalc 2019/12/15 v1.5 Expandable calculations on big integers (HO)
))
\Fld@menulength=\count307
\Field@Width=\dimen188
\Fld@charsize=\dimen189
Package hyperref Info: Hyper figures OFF on input line 6042.
Package hyperref Info: Link nesting OFF on input line 6047.
Package hyperref Info: Hyper index ON on input line 6050.
Package hyperref Info: backreferencing OFF on input line 6057.
Package hyperref Info: Link coloring OFF on input line 6062.
Package hyperref Info: Link coloring with OCG OFF on input line 6067.
Package hyperref Info: PDF/A mode OFF on input line 6072.
 (C:\Users\gabma\AppData\Local\Programs\MiKTeX\tex/latex/base\atbegshi-ltx.sty
Package: atbegshi-ltx 2021/01/10 v1.0c Emulation of the original atbegshi
package with kernel methods
)
\Hy@abspage=\count308
\c@Item=\count309
\c@Hfootnote=\count310
)
Package hyperref Info: Driver (autodetected): hpdftex.
 (C:\Users\gabma\AppData\Local\Programs\MiKTeX\tex/latex/hyperref\hpdftex.def
File: hpdftex.def 2024-11-05 v7.01l Hyperref driver for pdfTeX
 (C:\Users\gabma\AppData\Local\Programs\MiKTeX\tex/latex/base\atveryend-ltx.sty
Package: atveryend-ltx 2020/08/19 v1.0a Emulation of the original atveryend package
with kernel methods
)
\Fld@listcount=\count311
\c@bookmark@seq@number=\count312
 (C:\Users\gabma\AppData\Local\Programs\MiKTeX\tex/latex/rerunfilecheck\rerunfilecheck.sty
Package: rerunfilecheck 2022-07-10 v1.10 Rerun checks for auxiliary files (HO)
 (C:\Users\gabma\AppData\Local\Programs\MiKTeX\tex/generic/uniquecounter\uniquecounter.sty
Package: uniquecounter 2019/12/15 v1.4 Provide unlimited unique counter (HO)
)
Package uniquecounter Info: New unique counter `rerunfilecheck' on input line 285.
)
\Hy@SectionHShift=\skip104
) (C:\Users\gabma\AppData\Local\Programs\MiKTeX\tex/latex/apacite\apacite.sty
Package: apacite 2013/07/21 v6.03 APA citation
\c@BibCnt=\count313
\bibleftmargin=\skip105
\bibindent=\skip106
\bibparsep=\skip107
\bibitemsep=\skip108
\biblabelsep=\skip109
) (C:\Users\gabma\AppData\Local\Programs\MiKTeX\tex/latex/tools\enumerate.sty
Package: enumerate 2023/07/04 v3.00 enumerate extensions (DPC)
\@enLab=\toks33
) (C:\Users\gabma\AppData\Local\Programs\MiKTeX\tex/latex/caption\caption.sty
Package: caption 2023/08/05 v3.6o Customizing captions (AR)
 (C:\Users\gabma\AppData\Local\Programs\MiKTeX\tex/latex/caption\caption3.sty
Package: caption3 2023/07/31 v2.4d caption3 kernel (AR)
\caption@tempdima=\dimen190
\captionmargin=\dimen191
\caption@leftmargin=\dimen192
\caption@rightmargin=\dimen193
\caption@width=\dimen194
\caption@indent=\dimen195
\caption@parindent=\dimen196
\caption@hangindent=\dimen197
Package caption Info: Standard document class detected.
)
\c@caption@flags=\count314
\c@continuedfloat=\count315
Package caption Info: hyperref package is loaded.
) (C:\Users\gabma\AppData\Local\Programs\MiKTeX\tex/latex/caption\subcaption.sty
Package: subcaption 2023/07/28 v1.6b Sub-captions (AR)
Package caption Info: New subtype `subfigure' on input line 238.
\c@subfigure=\count316
Package caption Info: New subtype `subtable' on input line 238.
\c@subtable=\count317
) (C:\Users\gabma\AppData\Local\Programs\MiKTeX\tex/latex/tools\longtable.sty
Package: longtable 2024-10-27 v4.22 Multi-page Table package (DPC)
\LTleft=\skip110
\LTright=\skip111
\LTpre=\skip112
\LTpost=\skip113
\LTchunksize=\count318
\LTcapwidth=\dimen198
\LT@head=\box56
\LT@firsthead=\box57
\LT@foot=\box58
\LT@lastfoot=\box59
\LT@gbox=\box60
\LT@cols=\count319
\LT@rows=\count320
\c@LT@tables=\count321
\c@LT@chunks=\count322
\LT@p@ftn=\toks34
) (C:\Users\gabma\AppData\Local\Programs\MiKTeX\tex/latex/listings\listings.sty
\lst@mode=\count323
\lst@gtempboxa=\box61
\lst@token=\toks35
\lst@length=\count324
\lst@currlwidth=\dimen199
\lst@column=\count325
\lst@pos=\count326
\lst@lostspace=\dimen256
\lst@width=\dimen257
\lst@newlines=\count327
\lst@lineno=\count328
\lst@maxwidth=\dimen258
 (C:\Users\gabma\AppData\Local\Programs\MiKTeX\tex/latex/listings\lstpatch.sty
File: lstpatch.sty 2024/09/23 1.10c (Carsten Heinz)
) (C:\Users\gabma\AppData\Local\Programs\MiKTeX\tex/latex/listings\lstmisc.sty
File: lstmisc.sty 2024/09/23 1.10c (Carsten Heinz)
\c@lstnumber=\count329
\lst@skipnumbers=\count330
\lst@framebox=\box62
) (C:\Users\gabma\AppData\Local\Programs\MiKTeX\tex/latex/listings\listings.cfg
File: listings.cfg 2024/09/23 1.10c listings configuration
))
Package: listings 2024/09/23 1.10c (Carsten Heinz)
 (C:\Users\gabma\AppData\Local\Programs\MiKTeX\tex/latex/pdfpages\pdfpages.sty
Package: pdfpages 2025/03/12 v0.6f Insert pages of external PDF documents (AM)
 (C:\Users\gabma\AppData\Local\Programs\MiKTeX\tex/latex/tools\calc.sty
Package: calc 2023/07/08 v4.3 Infix arithmetic (KKT,FJ)
\calc@Acount=\count331
\calc@Bcount=\count332
\calc@Adimen=\dimen259
\calc@Bdimen=\dimen260
\calc@Askip=\skip114
\calc@Bskip=\skip115
LaTeX Info: Redefining \setlength on input line 80.
LaTeX Info: Redefining \addtolength on input line 81.
\calc@Ccount=\count333
\calc@Cskip=\skip116
) (C:\Users\gabma\AppData\Local\Programs\MiKTeX\tex/latex/eso-pic\eso-pic.sty
Package: eso-pic 2023/05/03 v3.0c eso-pic (RN)
\ESO@tempdima=\dimen261
\ESO@tempdimb=\dimen262
)
\AM@pagewidth=\dimen263
\AM@pageheight=\dimen264
\AM@fboxrule=\dimen265
 (C:\Users\gabma\AppData\Local\Programs\MiKTeX\tex/latex/pdfpages\pppdftex.def
File: pppdftex.def 2025/03/12 v0.6f Pdfpages driver for pdfTeX (AM)
)
\pdfpages@includegraphics@status=\count334
\AM@pagebox=\box63
\AM@global@opts=\toks36
\AM@pagecnt=\count335
\AM@toc@title=\toks37
\AM@lof@heading=\toks38
\c@AM@survey=\count336
\AM@templatesizebox=\box64
) (C:\Users\gabma\AppData\Local\Programs\MiKTeX\tex/latex/float\float.sty
Package: float 2001/11/08 v1.3d Float enhancements (AL)
\c@float@type=\count337
\float@exts=\toks39
\float@box=\box65
\@float@everytoks=\toks40
\@floatcapt=\box66
) (C:\Users\gabma\AppData\Local\Programs\MiKTeX\tex/latex/chngcntr\chngcntr.sty
Package: chngcntr 2018/04/09 v1.1a change counter resetting
Package chngcntr Info: \counterwithout already defined.
(chngcntr)             Quitting chngcntr on input line 21.
) (C:\Users\gabma\AppData\Local\Programs\MiKTeX\tex/latex/tools\array.sty
Package: array 2024/10/17 v2.6g Tabular extension package (FMi)
\col@sep=\dimen266
\ar@mcellbox=\box67
\extrarowheight=\dimen267
\NC@list=\toks41
\extratabsurround=\skip117
\backup@length=\skip118
\ar@cellbox=\box68
) (C:\Users\gabma\AppData\Local\Programs\MiKTeX\tex/latex/colortbl\colortbl.sty
Package: colortbl 2024/07/06 v1.0i Color table columns (DPC)
\everycr=\toks42
\minrowclearance=\skip119
\rownum=\count338
) (C:\Users\gabma\AppData\Local\Programs\MiKTeX\tex/latex/base\fontenc.sty
Package: fontenc 2021/04/29 v2.0v Standard LaTeX package
LaTeX Font Info:    Trying to load font information for T1+minntx on input line 116.
 (C:\Users\gabma\AppData\Local\Programs\MiKTeX\tex/latex/newtx\t1minntx.fd
File: t1minntx.fd 2023/09/09 v1.1 font definition file for T1/minntx
)
LaTeX Font Info:    Font shape `T1/minntx/m/n' will be
(Font)              scaled to size 12.0pt on input line 116.
) (C:\Users\gabma\AppData\Local\Programs\MiKTeX\tex/latex/booktabs\booktabs.sty
Package: booktabs 2020/01/12 v1.61803398 Publication quality tables
\heavyrulewidth=\dimen268
\lightrulewidth=\dimen269
\cmidrulewidth=\dimen270
\belowrulesep=\dimen271
\belowbottomsep=\dimen272
\aboverulesep=\dimen273
\abovetopsep=\dimen274
\cmidrulesep=\dimen275
\cmidrulekern=\dimen276
\defaultaddspace=\dimen277
\@cmidla=\count339
\@cmidlb=\count340
\@aboverulesep=\dimen278
\@belowrulesep=\dimen279
\@thisruleclass=\count341
\@lastruleclass=\count342
\@thisrulewidth=\dimen280
)
Package hyperref Info: Option `colorlinks' set `true' on input line 50.
LaTeX Font Info:    Trying to load font information for T1+ntxtlf on input line 132.
 (C:\Users\gabma\AppData\Local\Programs\MiKTeX\tex/latex/newtx\t1ntxtlf.fd
File: t1ntxtlf.fd 2021/05/24 v1.1 font definition file for T1/ntx/tlf
)
LaTeX Font Info:    Font shape `T1/ntxtlf/m/n' will be
(Font)              scaled to size 12.0pt on input line 132.
 (main.aux
LaTeX Info: Redefining \. on input line 12.
LaTeX Info: Redefining \% on input line 12.
Package babel Info: 'spanish' activates 'spanish' shorthands.
(babel)             Reported  on input line 12.
 (capitulo_investigacion.aux) (capitulo_software.aux) (capitulo_hardware.aux) (capitulo_experimento.aux) (capitulo_ia.aux) (capitulo_conclusiones.aux))
\openout1 = `main.aux'.

LaTeX Font Info:    Checking defaults for OML/ntxmi/m/it on input line 132.
LaTeX Font Info:    Trying to load font information for OML+ntxmi on input line 132.
 (C:\Users\gabma\AppData\Local\Programs\MiKTeX\tex/latex/newtx\omlntxmi.fd
File: omlntxmi.fd 2015/08/25 Fontinst v1.933 font definitions for OML/ntxmi.
)
LaTeX Font Info:    ... okay on input line 132.
LaTeX Font Info:    Checking defaults for OMS/cmsy/m/n on input line 132.
LaTeX Font Info:    ... okay on input line 132.
LaTeX Font Info:    Checking defaults for OT1/cmr/m/n on input line 132.
LaTeX Font Info:    ... okay on input line 132.
LaTeX Font Info:    Checking defaults for T1/cmr/m/n on input line 132.
LaTeX Font Info:    ... okay on input line 132.
LaTeX Font Info:    Checking defaults for TS1/cmr/m/n on input line 132.
LaTeX Font Info:    ... okay on input line 132.
LaTeX Font Info:    Checking defaults for OMX/cmex/m/n on input line 132.
LaTeX Font Info:    ... okay on input line 132.
LaTeX Font Info:    Checking defaults for U/ntxexa/m/n on input line 132.
LaTeX Font Info:    Trying to load font information for U+ntxexa on input line 132.
 (C:\Users\gabma\AppData\Local\Programs\MiKTeX\tex/latex/newtx\untxexa.fd
File: untxexa.fd 2012/04/16 Fontinst v1.933 font definitions for U/ntxexa.
)
LaTeX Font Info:    ... okay on input line 132.
LaTeX Font Info:    Checking defaults for LMS/ntxsy/m/n on input line 132.
LaTeX Font Info:    Trying to load font information for LMS+ntxsy on input line 132.
 (C:\Users\gabma\AppData\Local\Programs\MiKTeX\tex/latex/newtx\lmsntxsy.fd
File: lmsntxsy.fd 2016/07/02 Fontinst v1.933 font definitions for LMS/ntxsy.
)
LaTeX Font Info:    ... okay on input line 132.
LaTeX Font Info:    Checking defaults for LMX/ntxexx/m/n on input line 132.
LaTeX Font Info:    Trying to load font information for LMX+ntxexx on input line 132.
 (C:\Users\gabma\AppData\Local\Programs\MiKTeX\tex/latex/newtx\lmxntxexx.fd
File: lmxntxexx.fd 2016/07/03 Fontinst v1.933 font definitions for LMX/ntxexx.
)
LaTeX Font Info:    ... okay on input line 132.
LaTeX Font Info:    Checking defaults for PD1/pdf/m/n on input line 132.
LaTeX Font Info:    ... okay on input line 132.
LaTeX Font Info:    Checking defaults for PU/pdf/m/n on input line 132.
LaTeX Font Info:    ... okay on input line 132.
LaTeX Info: Redefining \. on input line 132.
LaTeX Info: Redefining \% on input line 132.
 (C:\Users\gabma\AppData\Local\Programs\MiKTeX\tex/context/base/mkii\supp-pdf.mkii
[Loading MPS to PDF converter (version 2006.09.02).]
\scratchcounter=\count343
\scratchdimen=\dimen281
\scratchbox=\box69
\nofMPsegments=\count344
\nofMParguments=\count345
\everyMPshowfont=\toks43
\MPscratchCnt=\count346
\MPscratchDim=\dimen282
\MPnumerator=\count347
\makeMPintoPDFobject=\count348
\everyMPtoPDFconversion=\toks44
) (C:\Users\gabma\AppData\Local\Programs\MiKTeX\tex/latex/epstopdf-pkg\epstopdf-base.sty
Package: epstopdf-base 2020-01-24 v2.11 Base part for package epstopdf
Package epstopdf-base Info: Redefining graphics rule for `.eps' on input line 485.
 (C:\Users\gabma\AppData\Local\Programs\MiKTeX\tex/latex/00miktex\epstopdf-sys.cfg
File: epstopdf-sys.cfg 2021/03/18 v2.0 Configuration of epstopdf for MiKTeX
))
\c@mv@tabular=\count349
\c@mv@boldtabular=\count350
LaTeX Info: Command `\dddot' is already robust on input line 132.
LaTeX Info: Command `\ddddot' is already robust on input line 132.

*geometry* driver: auto-detecting
*geometry* detected driver: pdftex
*geometry* verbose mode - [ preamble ] result:
* driver: pdftex
* paper: <default>
* layout: <same size as paper>
* layoutoffset:(h,v)=(0.0pt,0.0pt)
* modes: 
* h-part:(L,W,R)=(85.35826pt, 472.03123pt, 56.9055pt)
* v-part:(T,H,B)=(113.81102pt, 595.8007pt, 85.35826pt)
* \paperwidth=614.295pt
* \paperheight=794.96999pt
* \textwidth=472.03123pt
* \textheight=595.8007pt
* \oddsidemargin=13.08827pt
* \evensidemargin=13.08827pt
* \topmargin=9.66724pt
* \headheight=12.0pt
* \headsep=19.8738pt
* \topskip=12.0pt
* \footskip=30.0pt
* \marginparwidth=47.0pt
* \marginparsep=7.0pt
* \columnsep=10.0pt
* \skip\footins=10.8pt plus 4.0pt minus 2.0pt
* \hoffset=0.0pt
* \voffset=0.0pt
* \mag=1000
* \@twocolumnfalse
* \@twosidefalse
* \@mparswitchfalse
* \@reversemarginfalse
* (1in=72.27pt=25.4mm, 1cm=28.453pt)

Package hyperref Info: Link coloring ON on input line 132.
(main.out) (main.out)
\@outlinefile=\write3
\openout3 = `main.out'.

\c@maskedRefs=\count351
 (C:\Users\gabma\AppData\Local\Programs\MiKTeX\tex/latex/apacite\spanish.apc
File: spanish.apc 2013/07/21 v6.03 apacite language file
LaTeX Info: Redefining \BPBI on input line 138.
LaTeX Info: Redefining \BHBI on input line 139.
)
Package caption Info: Begin \AtBeginDocument code.
Package caption Info: float package is loaded.
Package caption Info: listings package is loaded.
Package caption Info: longtable package is loaded.
 (C:\Users\gabma\AppData\Local\Programs\MiKTeX\tex/latex/caption\ltcaption.sty
Package: ltcaption 2021/01/08 v1.4c longtable captions (AR)
)
Package caption Info: End \AtBeginDocument code.
\c@lstlisting=\count352
 (C:\Users\gabma\AppData\Local\Programs\MiKTeX\tex/latex/pdflscape\pdflscape.sty
Package: pdflscape 2022-10-27 v0.13 Display of landscape pages in PDF
 (C:\Users\gabma\AppData\Local\Programs\MiKTeX\tex/latex/pdflscape\pdflscape-nometadata.sty
Package: pdflscape-nometadata 2022-10-28 v0.13 Display of landscape pages in PDF (HO)
 (C:\Users\gabma\AppData\Local\Programs\MiKTeX\tex/latex/graphics\lscape.sty
Package: lscape 2020/05/28 v3.02 Landscape Pages (DPC)
)
Package pdflscape Info: Auto-detected driver: pdftex on input line 81.
))
LaTeX Font Info:    Font shape `T1/ntxtlf/m/n' will be
(Font)              scaled to size 17.28pt on input line 141.
LaTeX Font Info:    Font shape `T1/ntxtlf/b/n' will be
(Font)              scaled to size 17.28pt on input line 141.
LaTeX Font Info:    Font shape `T1/ntxtlf/m/n' will be
(Font)              scaled to size 14.4pt on input line 142.
LaTeX Font Info:    Font shape `T1/ntxtlf/b/n' will be
(Font)              scaled to size 14.4pt on input line 142.
LaTeX Font Info:    Font shape `T1/ntxtlf/b/n' will be
(Font)              scaled to size 12.0pt on input line 145.


[1


{C:/Users/gabma/AppData/Local/MiKTeX/fonts/map/pdftex/pdftex.map}{C:/Users/gabma/AppData/Local/Programs/MiKTeX/fonts/enc/dvips/newtx/ntx-ec-tlf.enc}]


pdfTeX warning (ext4): destination with the same identifier (name{page.I}) has been already used, duplicate ignored
<to be read again> 
                   \relax 
l.170 \chapter
              *{Dedicatoria} [1]
LaTeX Font Info:    Font shape `T1/ntxtlf/m/n' will be
(Font)              scaled to size 24.88pt on input line 170.
LaTeX Font Info:    Font shape `T1/ntxtlf/b/n' will be
(Font)              scaled to size 24.88pt on input line 170.


[2

]

[3

]

[4

]

[5

] (main.toc
LaTeX Info: Redefining \. on input line 1.
LaTeX Info: Redefining \% on input line 1.
LaTeX Font Info:    Trying to load font information for OT1+minntx on input line 2.
 (C:\Users\gabma\AppData\Local\Programs\MiKTeX\tex/latex/newtx\ot1minntx.fd
File: ot1minntx.fd 2023/09/09 v1.1 font definition file for OT1/minntx
)
LaTeX Font Info:    Font shape `OT1/minntx/m/n' will be
(Font)              scaled to size 12.0pt on input line 2.
LaTeX Font Info:    Font shape `OT1/minntx/m/n' will be
(Font)              scaled to size 8.8pt on input line 2.
LaTeX Font Info:    Font shape `OT1/minntx/m/n' will be
(Font)              scaled to size 6.6pt on input line 2.
LaTeX Font Info:    Font shape `OML/ntxmi/m/it' will be
(Font)              scaled to size 12.0pt on input line 2.
LaTeX Font Info:    Font shape `OML/ntxmi/m/it' will be
(Font)              scaled to size 8.8pt on input line 2.
LaTeX Font Info:    Font shape `OML/ntxmi/m/it' will be
(Font)              scaled to size 6.6pt on input line 2.
LaTeX Font Info:    Font shape `LMS/ntxsy/m/n' will be
(Font)              scaled to size 12.0pt on input line 2.
LaTeX Font Info:    Font shape `LMS/ntxsy/m/n' will be
(Font)              scaled to size 8.8pt on input line 2.
LaTeX Font Info:    Font shape `LMS/ntxsy/m/n' will be
(Font)              scaled to size 6.6pt on input line 2.
LaTeX Font Info:    Font shape `LMX/ntxexx/m/n' will be
(Font)              scaled to size 12.0pt on input line 2.
LaTeX Font Info:    Font shape `LMX/ntxexx/m/n' will be
(Font)              scaled to size 8.8pt on input line 2.
LaTeX Font Info:    Font shape `LMX/ntxexx/m/n' will be
(Font)              scaled to size 6.6pt on input line 2.
LaTeX Font Info:    Trying to load font information for U+ntxmia on input line 2.
 (C:\Users\gabma\AppData\Local\Programs\MiKTeX\tex/latex/newtx\untxmia.fd
File: untxmia.fd 2024/04/09 Fontinst v1.933 font definitions for U/ntxmia.
)
LaTeX Font Info:    Font shape `U/ntxmia/m/it' will be
(Font)              scaled to size 12.0pt on input line 2.
LaTeX Font Info:    Font shape `U/ntxmia/m/it' will be
(Font)              scaled to size 8.8pt on input line 2.
LaTeX Font Info:    Font shape `U/ntxmia/m/it' will be
(Font)              scaled to size 6.6pt on input line 2.
LaTeX Font Info:    Trying to load font information for U+ntxsym on input line 2.
 (C:\Users\gabma\AppData\Local\Programs\MiKTeX\tex/latex/newtx\untxsym.fd
File: untxsym.fd 2023/08/16 Fontinst v1.933 font definitions for U/ntxsym.
)
LaTeX Font Info:    Font shape `U/ntxsym/m/n' will be
(Font)              scaled to size 12.0pt on input line 2.
LaTeX Font Info:    Font shape `U/ntxsym/m/n' will be
(Font)              scaled to size 8.8pt on input line 2.
LaTeX Font Info:    Font shape `U/ntxsym/m/n' will be
(Font)              scaled to size 6.6pt on input line 2.
LaTeX Font Info:    Trying to load font information for U+ntxsyc on input line 2.
 (C:\Users\gabma\AppData\Local\Programs\MiKTeX\tex/latex/newtx\untxsyc.fd
File: untxsyc.fd 2012/04/12 Fontinst v1.933 font definitions for U/ntxsyc.
)
LaTeX Font Info:    Font shape `U/ntxsyc/m/n' will be
(Font)              scaled to size 12.0pt on input line 2.
LaTeX Font Info:    Font shape `U/ntxsyc/m/n' will be
(Font)              scaled to size 8.8pt on input line 2.
LaTeX Font Info:    Font shape `U/ntxsyc/m/n' will be
(Font)              scaled to size 6.6pt on input line 2.
LaTeX Font Info:    Font shape `U/ntxexa/m/n' will be
(Font)              scaled to size 12.0pt on input line 2.
LaTeX Font Info:    Font shape `U/ntxexa/m/n' will be
(Font)              scaled to size 8.8pt on input line 2.
LaTeX Font Info:    Font shape `U/ntxexa/m/n' will be
(Font)              scaled to size 6.6pt on input line 2.


[6]
LaTeX Font Info:    Font shape `T1/ntxtlf/m/it' will be
(Font)              scaled to size 12.0pt on input line 61.


[7])
\tf@toc=\write4
\openout4 = `main.toc'.



[8] (main.lot
LaTeX Info: Redefining \. on input line 1.
LaTeX Info: Redefining \% on input line 1.
)
\tf@lot=\write5
\openout5 = `main.lot'.



[9] (main.lof
LaTeX Info: Redefining \. on input line 1.
LaTeX Info: Redefining \% on input line 1.


[10]

[11])
\tf@lof=\write6
\openout6 = `main.lof'.



[12]

[13

]

[14

]
\openout2 = `capitulo_investigacion.aux'.

 (capitulo_investigacion.tex
Cap\'{\i }tulo 1.


[1



]

[2]

[3]

[4]
LaTeX Font Info:    Trying to load font information for TS1+ntxtlf on input line 57.
 (C:\Users\gabma\AppData\Local\Programs\MiKTeX\tex/latex/newtx\ts1ntxtlf.fd
File: ts1ntxtlf.fd 2015/01/18 v1.0 fd file for TS1/ntxtlf
)
LaTeX Font Info:    Font shape `TS1/ntxtlf/m/n' will be
(Font)              scaled to size 12.0pt on input line 57.


[5{C:/Users/gabma/AppData/Local/Programs/MiKTeX/fonts/enc/dvips/tex-gyre/q-ts1.enc}])

[6]
\openout2 = `capitulo_software.aux'.

 (capitulo_software.tex
Cap\'{\i }tulo 2.


[7




]

[8]

[9]

[10]

[11]

[12]
<UML/Otros/Diagrama Entidad Relacion.png, id=694, 1234.3716pt x 860.013pt>
File: UML/Otros/Diagrama Entidad Relacion.png Graphic file (type png)
<use UML/Otros/Diagrama Entidad Relacion.png>
Package pdftex.def Info: UML/Otros/Diagrama Entidad Relacion.png  used on input line 249.
(pdftex.def)             Requested size: 472.03123pt x 328.8686pt.


[13]

[14 <./UML/Otros/Diagrama Entidad Relacion.png (PNG copy)>]
LaTeX Font Info:    Trying to load font information for T1+ntxtt on input line 257.
 (C:\Users\gabma\AppData\Local\Programs\MiKTeX\tex/latex/newtx\t1ntxtt.fd
File: t1ntxtt.fd 2012/04/20 v3.1
)
LaTeX Font Info:    Font shape `T1/ntxtt/m/n' will be
(Font)              scaled to size 12.0pt on input line 257.


[15]

[16]

[17]

[18]
<UML/CasosUso/Diagrama de Casos de Uso RF1 RF2.png, id=726, 452.4102pt x 296.307pt>
File: UML/CasosUso/Diagrama de Casos de Uso RF1 RF2.png Graphic file (type png)
<use UML/CasosUso/Diagrama de Casos de Uso RF1 RF2.png>
Package pdftex.def Info: UML/CasosUso/Diagrama de Casos de Uso RF1 RF2.png  used on input line 322.
(pdftex.def)             Requested size: 377.62642pt x 247.3273pt.


[19]

[20 <./UML/CasosUso/Diagrama de Casos de Uso RF1 RF2.png (PNG copy)>]
<UML/CasosUso/Diagrama de Casos de Uso RF3.png, id=737, 523.2348pt x 277.5168pt>
File: UML/CasosUso/Diagrama de Casos de Uso RF3.png Graphic file (type png)
<use UML/CasosUso/Diagrama de Casos de Uso RF3.png>
Package pdftex.def Info: UML/CasosUso/Diagrama de Casos de Uso RF3.png  used on input line 346.
(pdftex.def)             Requested size: 377.62642pt x 200.29044pt.


[21]

[22 <./UML/CasosUso/Diagrama de Casos de Uso RF3.png (PNG copy)>]
<UML/CasosUso/Diagrama de Casos de Uso RF4.png, id=748, 603.4545pt x 248.6088pt>
File: UML/CasosUso/Diagrama de Casos de Uso RF4.png Graphic file (type png)
<use UML/CasosUso/Diagrama de Casos de Uso RF4.png>
Package pdftex.def Info: UML/CasosUso/Diagrama de Casos de Uso RF4.png  used on input line 371.
(pdftex.def)             Requested size: 377.62642pt x 155.57356pt.


[23]

[24 <./UML/CasosUso/Diagrama de Casos de Uso RF4.png (PNG copy)>]
<UML/CasosUso/Diagrama de Casos de Uso RF5.png, id=758, 405.4347pt x 250.0542pt>
File: UML/CasosUso/Diagrama de Casos de Uso RF5.png Graphic file (type png)
<use UML/CasosUso/Diagrama de Casos de Uso RF5.png>
Package pdftex.def Info: UML/CasosUso/Diagrama de Casos de Uso RF5.png  used on input line 396.
(pdftex.def)             Requested size: 377.62642pt x 232.91809pt.


[25]

[26 <./UML/CasosUso/Diagrama de Casos de Uso RF5.png (PNG copy)>]
<UML/CasosUso/Diagrama de Casos de Uso RF6.png, id=768, 695.2374pt x 265.9536pt>
File: UML/CasosUso/Diagrama de Casos de Uso RF6.png Graphic file (type png)
<use UML/CasosUso/Diagrama de Casos de Uso RF6.png>
Package pdftex.def Info: UML/CasosUso/Diagrama de Casos de Uso RF6.png  used on input line 418.
(pdftex.def)             Requested size: 377.62642pt x 144.45688pt.


[27]

[28 <./UML/CasosUso/Diagrama de Casos de Uso RF6.png (PNG copy)>]

[29]
<UML/CasosUso/Diagrama de Casos de Uso RF7.png, id=784, 492.8814pt x 208.8603pt>
File: UML/CasosUso/Diagrama de Casos de Uso RF7.png Graphic file (type png)
<use UML/CasosUso/Diagrama de Casos de Uso RF7.png>
Package pdftex.def Info: UML/CasosUso/Diagrama de Casos de Uso RF7.png  used on input line 449.
(pdftex.def)             Requested size: 377.62642pt x 160.0198pt.


[30 <./UML/CasosUso/Diagrama de Casos de Uso RF7.png (PNG copy)>]
<UML/CasosUso/Diagrama de Casos de Uso RF8.png, id=790, 286.9119pt x 205.2468pt>
File: UML/CasosUso/Diagrama de Casos de Uso RF8.png Graphic file (type png)
<use UML/CasosUso/Diagrama de Casos de Uso RF8.png>
Package pdftex.def Info: UML/CasosUso/Diagrama de Casos de Uso RF8.png  used on input line 471.
(pdftex.def)             Requested size: 377.62642pt x 270.14363pt.


[31]

[32 <./UML/CasosUso/Diagrama de Casos de Uso RF8.png (PNG copy)>]
<UML/CasosUso/Diagrama de Casos de Uso RF9.png, id=800, 405.4347pt x 208.8603pt>
File: UML/CasosUso/Diagrama de Casos de Uso RF9.png Graphic file (type png)
<use UML/CasosUso/Diagrama de Casos de Uso RF9.png>
Package pdftex.def Info: UML/CasosUso/Diagrama de Casos de Uso RF9.png  used on input line 487.
(pdftex.def)             Requested size: 377.62642pt x 194.5472pt.


[33 <./UML/CasosUso/Diagrama de Casos de Uso RF9.png (PNG copy)>]

[34]

[35]

[36]
<UML/Secuencia/Diagrama de Secuencia Base Envio Formulario.png, id=829, 416.9979pt x 437.2335pt>
File: UML/Secuencia/Diagrama de Secuencia Base Envio Formulario.png Graphic file (type png)
<use UML/Secuencia/Diagrama de Secuencia Base Envio Formulario.png>
Package pdftex.def Info: UML/Secuencia/Diagrama de Secuencia Base Envio Formulario.png  used on input line 532.
(pdftex.def)             Requested size: 377.62642pt x 395.975pt.


[37 <./UML/Secuencia/Diagrama de Secuencia Base Envio Formulario.png (PNG copy)>]
Overfull \hbox (17.894pt too wide) in paragraph at lines 545--546
[]\T1/ntxtlf/m/n/12 El pro-ce-so co-mien-za cuan-do \T1/ntxtt/m/n/12 :Persona \T1/ntxtlf/m/n/12 ac-ce-de a un for-mu-la-rio (1: \T1/ntxtt/m/n/12 Ingresa a un formulario\T1/ntxtlf/m/n/12 )
 []

LaTeX Font Info:    Trying to load font information for T1+txtt on input line 551.
(C:\Users\gabma\AppData\Local\Programs\MiKTeX\tex/latex/txfonts\t1txtt.fd
File: t1txtt.fd 2000/12/15 v3.1
)
LaTeX Font Info:    Font shape `T1/ntxtt/b/n' in size <12> not available
(Font)              Font shape `T1/txtt/bx/n' tried instead on input line 551.


[38]
<UML/Secuencia/Diagrama de Secuencia RF1.0 Registro.png, id=844, 729.927pt x 529.7391pt>
File: UML/Secuencia/Diagrama de Secuencia RF1.0 Registro.png Graphic file (type png)
<use UML/Secuencia/Diagrama de Secuencia RF1.0 Registro.png>
Package pdftex.def Info: UML/Secuencia/Diagrama de Secuencia RF1.0 Registro.png  used on input line 561.
(pdftex.def)             Requested size: 377.62642pt x 274.05943pt.
<UML/Secuencia/Diagrama de Secuencia RF1.1 Solicitar Cdigo.png, id=845, 729.2043pt x 480.5955pt>
File: UML/Secuencia/Diagrama de Secuencia RF1.1 Solicitar Cdigo.png Graphic file (type png)
<use UML/Secuencia/Diagrama de Secuencia RF1.1 Solicitar Cdigo.png>
Package pdftex.def Info: UML/Secuencia/Diagrama de Secuencia RF1.1 Solicitar Cdigo.png  used on input line 568.
(pdftex.def)             Requested size: 377.62642pt x 248.88443pt.


[39 <./UML/Secuencia/Diagrama de Secuencia RF1.0 Registro.png (PNG copy)>]
<UML/Secuencia/Diagrama de Secuencia RF2.0 Iniciar Sesin.png, id=850, 727.7589pt x 479.1501pt>
File: UML/Secuencia/Diagrama de Secuencia RF2.0 Iniciar Sesin.png Graphic file (type png)
<use UML/Secuencia/Diagrama de Secuencia RF2.0 Iniciar Sesin.png>
Package pdftex.def Info: UML/Secuencia/Diagrama de Secuencia RF2.0 Iniciar Sesin.png  used on input line 575.
(pdftex.def)             Requested size: 377.62642pt x 248.62576pt.


[40 <./UML/Secuencia/Diagrama de Secuencia RF1.1 Solicitar Cdigo.png (PNG copy)>]
<UML/Secuencia/Diagrama de Secuencia RF2.1 Cerrar Sesin.png, id=856, 729.2043pt x 390.258pt>
File: UML/Secuencia/Diagrama de Secuencia RF2.1 Cerrar Sesin.png Graphic file (type png)
<use UML/Secuencia/Diagrama de Secuencia RF2.1 Cerrar Sesin.png>
Package pdftex.def Info: UML/Secuencia/Diagrama de Secuencia RF2.1 Cerrar Sesin.png  used on input line 582.
(pdftex.def)             Requested size: 377.62642pt x 202.10164pt.
<UML/Secuencia/Diagrama de Secuencia RF2.2 Recuperar Contrasea.png, id=857, 728.4816pt x 543.4704pt>
File: UML/Secuencia/Diagrama de Secuencia RF2.2 Recuperar Contrasea.png Graphic file (type png)
<use UML/Secuencia/Diagrama de Secuencia RF2.2 Recuperar Contrasea.png>
Package pdftex.def Info: UML/Secuencia/Diagrama de Secuencia RF2.2 Recuperar Contrasea.png  used on input line 589.
(pdftex.def)             Requested size: 377.62642pt x 281.7189pt.


[41 <./UML/Secuencia/Diagrama de Secuencia RF2.0 Iniciar Sesin.png (PNG copy)> <./UML/Secuencia/Diagrama de Secuencia RF2.1 Cerrar Sesin.png (PNG copy)>]
<UML/Secuencia/Diagrama de Secuencia RF3.1 Crear Cmara.png, id=862, 729.2043pt x 542.025pt>
File: UML/Secuencia/Diagrama de Secuencia RF3.1 Crear Cmara.png Graphic file (type png)
<use UML/Secuencia/Diagrama de Secuencia RF3.1 Crear Cmara.png>
Package pdftex.def Info: UML/Secuencia/Diagrama de Secuencia RF3.1 Crear Cmara.png  used on input line 596.
(pdftex.def)             Requested size: 377.62642pt x 280.69673pt.


[42 <./UML/Secuencia/Diagrama de Secuencia RF2.2 Recuperar Contrasea.png (PNG copy)>]
<UML/Secuencia/Diagrama de Secuencia RF3.1.1 Activar Cmara.png, id=867, 740.0448pt x 1378.1889pt>
File: UML/Secuencia/Diagrama de Secuencia RF3.1.1 Activar Cmara.png Graphic file (type png)
<use UML/Secuencia/Diagrama de Secuencia RF3.1.1 Activar Cmara.png>
Package pdftex.def Info: UML/Secuencia/Diagrama de Secuencia RF3.1.1 Activar Cmara.png  used on input line 603.
(pdftex.def)             Requested size: 297.38197pt x 553.81036pt.


[43 <./UML/Secuencia/Diagrama de Secuencia RF3.1 Crear Cmara.png (PNG copy)>]
Overfull \vbox (4.5467pt too high) has occurred while \output is active []



[44 <./UML/Secuencia/Diagrama de Secuencia RF3.1.1 Activar Cmara.png (PNG copy)>]

[45]
<UML/Secuencia/Diagrama de Secuencia RF3.2 Consultar Cmara.png, id=880, 729.2043pt x 372.9132pt>
File: UML/Secuencia/Diagrama de Secuencia RF3.2 Consultar Cmara.png Graphic file (type png)
<use UML/Secuencia/Diagrama de Secuencia RF3.2 Consultar Cmara.png>
Package pdftex.def Info: UML/Secuencia/Diagrama de Secuencia RF3.2 Consultar Cmara.png  used on input line 630.
(pdftex.def)             Requested size: 377.62642pt x 193.11934pt.
<UML/Secuencia/Diagrama de Secuencia RF3.3 Editar Cmara.png, id=881, 729.2043pt x 601.2864pt>
File: UML/Secuencia/Diagrama de Secuencia RF3.3 Editar Cmara.png Graphic file (type png)
<use UML/Secuencia/Diagrama de Secuencia RF3.3 Editar Cmara.png>
Package pdftex.def Info: UML/Secuencia/Diagrama de Secuencia RF3.3 Editar Cmara.png  used on input line 637.
(pdftex.def)             Requested size: 377.62642pt x 311.38625pt.


[46 <./UML/Secuencia/Diagrama de Secuencia RF3.2 Consultar Cmara.png (PNG copy)>]
<UML/Secuencia/Diagrama de Secuencia RF3.4 Eliminar Cmara.png, id=887, 729.2043pt x 643.9257pt>
File: UML/Secuencia/Diagrama de Secuencia RF3.4 Eliminar Cmara.png Graphic file (type png)
<use UML/Secuencia/Diagrama de Secuencia RF3.4 Eliminar Cmara.png>
Package pdftex.def Info: UML/Secuencia/Diagrama de Secuencia RF3.4 Eliminar Cmara.png  used on input line 644.
(pdftex.def)             Requested size: 377.62642pt x 333.46773pt.


[47 <./UML/Secuencia/Diagrama de Secuencia RF3.3 Editar Cmara.png (PNG copy)>]
<UML/Secuencia/Diagrama de Secuencia RF4.1 Consultar Perfil.png, id=892, 729.2043pt x 372.1905pt>
File: UML/Secuencia/Diagrama de Secuencia RF4.1 Consultar Perfil.png Graphic file (type png)
<use UML/Secuencia/Diagrama de Secuencia RF4.1 Consultar Perfil.png>
Package pdftex.def Info: UML/Secuencia/Diagrama de Secuencia RF4.1 Consultar Perfil.png  used on input line 651.
(pdftex.def)             Requested size: 377.62642pt x 192.74509pt.


[48 <./UML/Secuencia/Diagrama de Secuencia RF3.4 Eliminar Cmara.png (PNG copy)>]
<UML/Secuencia/Diagrama de Secuencia RF4.2 Editar Perfil.png, id=897, 729.2043pt x 601.2864pt>
File: UML/Secuencia/Diagrama de Secuencia RF4.2 Editar Perfil.png Graphic file (type png)
<use UML/Secuencia/Diagrama de Secuencia RF4.2 Editar Perfil.png>
Package pdftex.def Info: UML/Secuencia/Diagrama de Secuencia RF4.2 Editar Perfil.png  used on input line 658.
(pdftex.def)             Requested size: 377.62642pt x 311.38625pt.


[49 <./UML/Secuencia/Diagrama de Secuencia RF4.1 Consultar Perfil.png (PNG copy)>]
<UML/Secuencia/Diagrama de Secuencia RF4.3 Eliminar Perfil.png, id=902, 729.2043pt x 643.9257pt>
File: UML/Secuencia/Diagrama de Secuencia RF4.3 Eliminar Perfil.png Graphic file (type png)
<use UML/Secuencia/Diagrama de Secuencia RF4.3 Eliminar Perfil.png>
Package pdftex.def Info: UML/Secuencia/Diagrama de Secuencia RF4.3 Eliminar Perfil.png  used on input line 665.
(pdftex.def)             Requested size: 377.62642pt x 333.46773pt.


[50 <./UML/Secuencia/Diagrama de Secuencia RF4.2 Editar Perfil.png (PNG copy)>]
<UML/Secuencia/Diagrama de Secuencia RF4.4 Cambiar Contrasea.png, id=907, 729.2043pt x 524.6802pt>
File: UML/Secuencia/Diagrama de Secuencia RF4.4 Cambiar Contrasea.png Graphic file (type png)
<use UML/Secuencia/Diagrama de Secuencia RF4.4 Cambiar Contrasea.png>
Package pdftex.def Info: UML/Secuencia/Diagrama de Secuencia RF4.4 Cambiar Contrasea.png  used on input line 672.
(pdftex.def)             Requested size: 377.62642pt x 271.71445pt.


[51 <./UML/Secuencia/Diagrama de Secuencia RF4.3 Eliminar Perfil.png (PNG copy)>]
<UML/Secuencia/Diagrama de Secuencia RF4.5 Agregar Integrante Cultivo.png, id=912, 729.2043pt x 443.0151pt>
File: UML/Secuencia/Diagrama de Secuencia RF4.5 Agregar Integrante Cultivo.png Graphic file (type png)
<use UML/Secuencia/Diagrama de Secuencia RF4.5 Agregar Integrante Cultivo.png>
Package pdftex.def Info: UML/Secuencia/Diagrama de Secuencia RF4.5 Agregar Integrante Cultivo.png  used on input line 679.
(pdftex.def)             Requested size: 377.62642pt x 229.42279pt.


[52 <./UML/Secuencia/Diagrama de Secuencia RF4.4 Cambiar Contrasea.png (PNG copy)>]
<UML/Secuencia/Diagrama de Secuencia RF4.6 Eliminar Integrante Cultivo.png, id=918, 729.2043pt x 661.9932pt>
File: UML/Secuencia/Diagrama de Secuencia RF4.6 Eliminar Integrante Cultivo.png Graphic file (type png)
<use UML/Secuencia/Diagrama de Secuencia RF4.6 Eliminar Integrante Cultivo.png>
Package pdftex.def Info: UML/Secuencia/Diagrama de Secuencia RF4.6 Eliminar Integrante Cultivo.png  used on input line 685.
(pdftex.def)             Requested size: 377.62642pt x 342.82428pt.


[53 <./UML/Secuencia/Diagrama de Secuencia RF4.5 Agregar Integrante Cultivo.png (PNG copy)>]
<UML/Secuencia/Diagrama de Secuencia RF5.0 Mdulo de mediciones.png, id=923, 729.2043pt x 294.8616pt>
File: UML/Secuencia/Diagrama de Secuencia RF5.0 Mdulo de mediciones.png Graphic file (type png)
<use UML/Secuencia/Diagrama de Secuencia RF5.0 Mdulo de mediciones.png>
Package pdftex.def Info: UML/Secuencia/Diagrama de Secuencia RF5.0 Mdulo de mediciones.png  used on input line 692.
(pdftex.def)             Requested size: 377.62642pt x 152.69902pt.


[54 <./UML/Secuencia/Diagrama de Secuencia RF4.6 Eliminar Integrante Cultivo.png (PNG copy)>]
<UML/Secuencia/Diagrama de Secuencia RF6.1 Crear Planta.png, id=928, 729.2043pt x 548.5293pt>
File: UML/Secuencia/Diagrama de Secuencia RF6.1 Crear Planta.png Graphic file (type png)
<use UML/Secuencia/Diagrama de Secuencia RF6.1 Crear Planta.png>
Package pdftex.def Info: UML/Secuencia/Diagrama de Secuencia RF6.1 Crear Planta.png  used on input line 699.
(pdftex.def)             Requested size: 377.62642pt x 284.0651pt.
<UML/Secuencia/Diagrama de Secuencia RF6.2 Consultar Planta.png, id=929, 729.2043pt x 372.9132pt>
File: UML/Secuencia/Diagrama de Secuencia RF6.2 Consultar Planta.png Graphic file (type png)
<use UML/Secuencia/Diagrama de Secuencia RF6.2 Consultar Planta.png>
Package pdftex.def Info: UML/Secuencia/Diagrama de Secuencia RF6.2 Consultar Planta.png  used on input line 706.
(pdftex.def)             Requested size: 377.62642pt x 193.11934pt.


[55 <./UML/Secuencia/Diagrama de Secuencia RF5.0 Mdulo de mediciones.png (PNG copy)> <./UML/Secuencia/Diagrama de Secuencia RF6.1 Crear Planta.png (PNG copy)>]
<UML/Secuencia/Diagrama de Secuencia RF6.3 Editar Planta.png, id=934, 729.2043pt x 601.2864pt>
File: UML/Secuencia/Diagrama de Secuencia RF6.3 Editar Planta.png Graphic file (type png)
<use UML/Secuencia/Diagrama de Secuencia RF6.3 Editar Planta.png>
Package pdftex.def Info: UML/Secuencia/Diagrama de Secuencia RF6.3 Editar Planta.png  used on input line 713.
(pdftex.def)             Requested size: 377.62642pt x 311.38625pt.


[56 <./UML/Secuencia/Diagrama de Secuencia RF6.2 Consultar Planta.png (PNG copy)>]
<UML/Secuencia/Diagrama de Secuencia RF6.4 Eliminar Planta.png, id=939, 729.2043pt x 643.9257pt>
File: UML/Secuencia/Diagrama de Secuencia RF6.4 Eliminar Planta.png Graphic file (type png)
<use UML/Secuencia/Diagrama de Secuencia RF6.4 Eliminar Planta.png>
Package pdftex.def Info: UML/Secuencia/Diagrama de Secuencia RF6.4 Eliminar Planta.png  used on input line 720.
(pdftex.def)             Requested size: 377.62642pt x 333.46773pt.


[57 <./UML/Secuencia/Diagrama de Secuencia RF6.3 Editar Planta.png (PNG copy)>]
<UML/Secuencia/Diagrama de Secuencia RF7.0 Generar Reporte.png, id=944, 729.2043pt x 385.9218pt>
File: UML/Secuencia/Diagrama de Secuencia RF7.0 Generar Reporte.png Graphic file (type png)
<use UML/Secuencia/Diagrama de Secuencia RF7.0 Generar Reporte.png>
Package pdftex.def Info: UML/Secuencia/Diagrama de Secuencia RF7.0 Generar Reporte.png  used on input line 727.
(pdftex.def)             Requested size: 377.62642pt x 199.85606pt.


[58 <./UML/Secuencia/Diagrama de Secuencia RF6.4 Eliminar Planta.png (PNG copy)>]
<UML/Secuencia/Diagrama de Secuencia RF7.1 Descargar Reporte.png, id=950, 605.6226pt x 319.4334pt>
File: UML/Secuencia/Diagrama de Secuencia RF7.1 Descargar Reporte.png Graphic file (type png)
<use UML/Secuencia/Diagrama de Secuencia RF7.1 Descargar Reporte.png>
Package pdftex.def Info: UML/Secuencia/Diagrama de Secuencia RF7.1 Descargar Reporte.png  used on input line 734.
(pdftex.def)             Requested size: 377.62642pt x 199.18233pt.
<UML/Secuencia/Diagrama de Secuencia RF7.2 Adjuntar Reporte.png, id=951, 612.1269pt x 488.5452pt>
File: UML/Secuencia/Diagrama de Secuencia RF7.2 Adjuntar Reporte.png Graphic file (type png)
<use UML/Secuencia/Diagrama de Secuencia RF7.2 Adjuntar Reporte.png>
Package pdftex.def Info: UML/Secuencia/Diagrama de Secuencia RF7.2 Adjuntar Reporte.png  used on input line 741.
(pdftex.def)             Requested size: 377.62642pt x 301.3816pt.


[59 <./UML/Secuencia/Diagrama de Secuencia RF7.0 Generar Reporte.png (PNG copy)> <./UML/Secuencia/Diagrama de Secuencia RF7.1 Descargar Reporte.png (PNG copy)>]
<UML/Secuencia/Diagrama de Secuencia RF8.1 Notificar Planta.png, id=956, 588.2778pt x 619.3539pt>
File: UML/Secuencia/Diagrama de Secuencia RF8.1 Notificar Planta.png Graphic file (type png)
<use UML/Secuencia/Diagrama de Secuencia RF8.1 Notificar Planta.png>
Package pdftex.def Info: UML/Secuencia/Diagrama de Secuencia RF8.1 Notificar Planta.png  used on input line 748.
(pdftex.def)             Requested size: 377.62642pt x 397.58536pt.


[60 <./UML/Secuencia/Diagrama de Secuencia RF7.2 Adjuntar Reporte.png (PNG copy)>]
<UML/Secuencia/Diagrama de Secuencia RF8.2 Notificar Seguridad.png, id=961, 305.7021pt x 370.7451pt>
File: UML/Secuencia/Diagrama de Secuencia RF8.2 Notificar Seguridad.png Graphic file (type png)
<use UML/Secuencia/Diagrama de Secuencia RF8.2 Notificar Seguridad.png>
Package pdftex.def Info: UML/Secuencia/Diagrama de Secuencia RF8.2 Notificar Seguridad.png  used on input line 755.
(pdftex.def)             Requested size: 377.62642pt x 457.98808pt.


[61 <./UML/Secuencia/Diagrama de Secuencia RF8.1 Notificar Planta.png (PNG copy)>]
<UML/Secuencia/Diagrama de Secuencia RF9.1 Crear Observacin.png, id=966, 729.2043pt x 548.5293pt>
File: UML/Secuencia/Diagrama de Secuencia RF9.1 Crear Observacin.png Graphic file (type png)
<use UML/Secuencia/Diagrama de Secuencia RF9.1 Crear Observacin.png>
Package pdftex.def Info: UML/Secuencia/Diagrama de Secuencia RF9.1 Crear Observacin.png  used on input line 762.
(pdftex.def)             Requested size: 377.62642pt x 284.0651pt.


[62 <./UML/Secuencia/Diagrama de Secuencia RF8.2 Notificar Seguridad.png (PNG copy)>]
<UML/Secuencia/Diagrama de Secuencia RF9.2 Consultar Observacin.png, id=971, 729.2043pt x 372.9132pt>
File: UML/Secuencia/Diagrama de Secuencia RF9.2 Consultar Observacin.png Graphic file (type png)
<use UML/Secuencia/Diagrama de Secuencia RF9.2 Consultar Observacin.png>
Package pdftex.def Info: UML/Secuencia/Diagrama de Secuencia RF9.2 Consultar Observacin.png  used on input line 769.
(pdftex.def)             Requested size: 377.62642pt x 193.11934pt.


[63 <./UML/Secuencia/Diagrama de Secuencia RF9.1 Crear Observacin.png (PNG copy)> <./UML/Secuencia/Diagrama de Secuencia RF9.2 Consultar Observacin.png (PNG copy)>]

[64]
<UML/Actividad/Diagrama de Actividad RF1.0 Registro.png, id=987, 296.307pt x 467.5869pt>
File: UML/Actividad/Diagrama de Actividad RF1.0 Registro.png Graphic file (type png)
<use UML/Actividad/Diagrama de Actividad RF1.0 Registro.png>
Package pdftex.def Info: UML/Actividad/Diagrama de Actividad RF1.0 Registro.png  used on input line 792.
(pdftex.def)             Requested size: 330.42041pt x 521.46057pt.


[65]
<UML/Actividad/Diagrama de Actividad RF1.1 Solicitar Cdigo.png, id=992, 294.8616pt x 528.2937pt>
File: UML/Actividad/Diagrama de Actividad RF1.1 Solicitar Cdigo.png Graphic file (type png)
<use UML/Actividad/Diagrama de Actividad RF1.1 Solicitar Cdigo.png>
Package pdftex.def Info: UML/Actividad/Diagrama de Actividad RF1.1 Solicitar Cdigo.png  used on input line 799.
(pdftex.def)             Requested size: 283.22162pt x 507.46252pt.


[66 <./UML/Actividad/Diagrama de Actividad RF1.0 Registro.png (PNG copy)>]
<UML/Actividad/Diagrama de Actividad RF2.0 Iniciar Sesin.png, id=997, 295.5843pt x 450.2421pt>
File: UML/Actividad/Diagrama de Actividad RF2.0 Iniciar Sesin.png Graphic file (type png)
<use UML/Actividad/Diagrama de Actividad RF2.0 Iniciar Sesin.png>
Package pdftex.def Info: UML/Actividad/Diagrama de Actividad RF2.0 Iniciar Sesin.png  used on input line 806.
(pdftex.def)             Requested size: 330.42041pt x 503.34023pt.


[67 <./UML/Actividad/Diagrama de Actividad RF1.1 Solicitar Cdigo.png (PNG copy)>]
<UML/Actividad/Diagrama de Actividad RF2.1 Cerrar Sesin.png, id=1002, 294.1389pt x 533.3526pt>
File: UML/Actividad/Diagrama de Actividad RF2.1 Cerrar Sesin.png Graphic file (type png)
<use UML/Actividad/Diagrama de Actividad RF2.1 Cerrar Sesin.png>
Package pdftex.def Info: UML/Actividad/Diagrama de Actividad RF2.1 Cerrar Sesin.png  used on input line 813.
(pdftex.def)             Requested size: 306.81741pt x 556.36638pt.


[68 <./UML/Actividad/Diagrama de Actividad RF2.0 Iniciar Sesin.png (PNG copy)>]
Overfull \vbox (7.10272pt too high) has occurred while \output is active []



[69 <./UML/Actividad/Diagrama de Actividad RF2.1 Cerrar Sesin.png (PNG copy)>]
<UML/Actividad/Diagrama de Actividad RF2.2 Recuperar Contrasea.png, id=1011, 294.1389pt x 782.6841pt>
File: UML/Actividad/Diagrama de Actividad RF2.2 Recuperar Contrasea.png Graphic file (type png)
<use UML/Actividad/Diagrama de Actividad RF2.2 Recuperar Contrasea.png>
Package pdftex.def Info: UML/Actividad/Diagrama de Actividad RF2.2 Recuperar Contrasea.png  used on input line 820.
(pdftex.def)             Requested size: 212.41261pt x 565.23994pt.

Overfull \vbox (15.97629pt too high) has occurred while \output is active []



[70 <./UML/Actividad/Diagrama de Actividad RF2.2 Recuperar Contrasea.png (PNG copy)>]
<UML/Actividad/Diagrama de Actividad RF3.1 Crear Cmara.png, id=1017, 297.0297pt x 694.5147pt>
File: UML/Actividad/Diagrama de Actividad RF3.1 Crear Cmara.png Graphic file (type png)
<use UML/Actividad/Diagrama de Actividad RF3.1 Crear Cmara.png>
Package pdftex.def Info: UML/Actividad/Diagrama de Actividad RF3.1 Crear Cmara.png  used on input line 827.
(pdftex.def)             Requested size: 236.01561pt x 551.87161pt.

Overfull \vbox (2.60796pt too high) has occurred while \output is active []



[71 <./UML/Actividad/Diagrama de Actividad RF3.1 Crear Cmara.png (PNG copy)>]
<UML/Actividad/Diagrama de Actividad RF3.1.1 Activar Cmara.png, id=1022, 619.3539pt x 974.9223pt>
File: UML/Actividad/Diagrama de Actividad RF3.1.1 Activar Cmara.png Graphic file (type png)
<use UML/Actividad/Diagrama de Actividad RF3.1.1 Activar Cmara.png>
Package pdftex.def Info: UML/Actividad/Diagrama de Actividad RF3.1.1 Activar Cmara.png  used on input line 834.
(pdftex.def)             Requested size: 330.42041pt x 520.11299pt.


[72 <./UML/Actividad/Diagrama de Actividad RF3.1.1 Activar Cmara.png (PNG copy)>]
<UML/Actividad/Diagrama de Actividad RF3.2 Consultar Cmara.png, id=1028, 295.5843pt x 514.5624pt>
File: UML/Actividad/Diagrama de Actividad RF3.2 Consultar Cmara.png Graphic file (type png)
<use UML/Actividad/Diagrama de Actividad RF3.2 Consultar Cmara.png>
Package pdftex.def Info: UML/Actividad/Diagrama de Actividad RF3.2 Consultar Cmara.png  used on input line 845.
(pdftex.def)             Requested size: 306.81741pt x 534.15083pt.


[73]
<UML/Actividad/Diagrama de Actividad RF3.3 Editar Cmara.png, id=1033, 297.0297pt x 841.9455pt>
File: UML/Actividad/Diagrama de Actividad RF3.3 Editar Cmara.png Graphic file (type png)
<use UML/Actividad/Diagrama de Actividad RF3.3 Editar Cmara.png>
Package pdftex.def Info: UML/Actividad/Diagrama de Actividad RF3.3 Editar Cmara.png  used on input line 852.
(pdftex.def)             Requested size: 188.8096pt x 535.20757pt.


[74 <./UML/Actividad/Diagrama de Actividad RF3.2 Consultar Cmara.png (PNG copy)>]
<UML/Actividad/Diagrama de Actividad RF3.4 Eliminar Cmara.png, id=1038, 297.7524pt x 880.2486pt>
File: UML/Actividad/Diagrama de Actividad RF3.4 Eliminar Cmara.png Graphic file (type png)
<use UML/Actividad/Diagrama de Actividad RF3.4 Eliminar Cmara.png>
Package pdftex.def Info: UML/Actividad/Diagrama de Actividad RF3.4 Eliminar Cmara.png  used on input line 859.
(pdftex.def)             Requested size: 188.8096pt x 558.17264pt.


[75 <./UML/Actividad/Diagrama de Actividad RF3.3 Editar Cmara.png (PNG copy)>]
Overfull \vbox (8.90898pt too high) has occurred while \output is active []



[76 <./UML/Actividad/Diagrama de Actividad RF3.4 Eliminar Cmara.png (PNG copy)>]
<UML/Actividad/Diagrama de Actividad RF4.1 Consultar Perfil.png, id=1048, 295.5843pt x 514.5624pt>
File: UML/Actividad/Diagrama de Actividad RF4.1 Consultar Perfil.png Graphic file (type png)
<use UML/Actividad/Diagrama de Actividad RF4.1 Consultar Perfil.png>
Package pdftex.def Info: UML/Actividad/Diagrama de Actividad RF4.1 Consultar Perfil.png  used on input line 866.
(pdftex.def)             Requested size: 283.22162pt x 493.07137pt.
<UML/Actividad/Diagrama de Actividad RF4.2 Editar Perfil.png, id=1049, 295.5843pt x 707.5233pt>
File: UML/Actividad/Diagrama de Actividad RF4.2 Editar Perfil.png Graphic file (type png)
<use UML/Actividad/Diagrama de Actividad RF4.2 Editar Perfil.png>
Package pdftex.def Info: UML/Actividad/Diagrama de Actividad RF4.2 Editar Perfil.png  used on input line 873.
(pdftex.def)             Requested size: 212.41261pt x 508.44475pt.


[77 <./UML/Actividad/Diagrama de Actividad RF4.1 Consultar Perfil.png (PNG copy)>]
<UML/Actividad/Diagrama de Actividad RF4.3 Eliminar Perfil.png, id=1054, 297.0297pt x 746.5491pt>
File: UML/Actividad/Diagrama de Actividad RF4.3 Eliminar Perfil.png Graphic file (type png)
<use UML/Actividad/Diagrama de Actividad RF4.3 Eliminar Perfil.png>
Package pdftex.def Info: UML/Actividad/Diagrama de Actividad RF4.3 Eliminar Perfil.png  used on input line 880.
(pdftex.def)             Requested size: 212.41261pt x 533.89249pt.


[78 <./UML/Actividad/Diagrama de Actividad RF4.2 Editar Perfil.png (PNG copy)>]
<UML/Actividad/Diagrama de Actividad RF4.4 Cambiar Contrasea.png, id=1059, 295.5843pt x 656.2116pt>
File: UML/Actividad/Diagrama de Actividad RF4.4 Cambiar Contrasea.png Graphic file (type png)
<use UML/Actividad/Diagrama de Actividad RF4.4 Cambiar Contrasea.png>
Package pdftex.def Info: UML/Actividad/Diagrama de Actividad RF4.4 Cambiar Contrasea.png  used on input line 887.
(pdftex.def)             Requested size: 236.01561pt x 523.96869pt.


[79 <./UML/Actividad/Diagrama de Actividad RF4.3 Eliminar Perfil.png (PNG copy)>]
<UML/Actividad/Diagrama de Actividad RF4.5 Agregar Integrante Cultivo.png, id=1064, 295.5843pt x 708.9687pt>
File: UML/Actividad/Diagrama de Actividad RF4.5 Agregar Integrante Cultivo.png Graphic file (type png)
<use UML/Actividad/Diagrama de Actividad RF4.5 Agregar Integrante Cultivo.png>
Package pdftex.def Info: UML/Actividad/Diagrama de Actividad RF4.5 Agregar Integrante Cultivo.png  used on input line 894.
(pdftex.def)             Requested size: 236.01561pt x 566.09393pt.


[80 <./UML/Actividad/Diagrama de Actividad RF4.4 Cambiar Contrasea.png (PNG copy)>]
Overfull \vbox (16.83028pt too high) has occurred while \output is active []



[81 <./UML/Actividad/Diagrama de Actividad RF4.5 Agregar Integrante Cultivo.png (PNG copy)>]
<UML/Actividad/Diagrama de Actividad RF4.6 Eliminar Integrante Cultivo.png, id=1073, 297.0297pt x 746.5491pt>
File: UML/Actividad/Diagrama de Actividad RF4.6 Eliminar Integrante Cultivo.png Graphic file (type png)
<use UML/Actividad/Diagrama de Actividad RF4.6 Eliminar Integrante Cultivo.png>
Package pdftex.def Info: UML/Actividad/Diagrama de Actividad RF4.6 Eliminar Integrante Cultivo.png  used on input line 901.
(pdftex.def)             Requested size: 212.41261pt x 533.89249pt.
<UML/Actividad/Diagrama de Actividad RF5.0 Mdulo de mediciones.png, id=1074, 295.5843pt x 391.7034pt>
File: UML/Actividad/Diagrama de Actividad RF5.0 Mdulo de mediciones.png Graphic file (type png)
<use UML/Actividad/Diagrama de Actividad RF5.0 Mdulo de mediciones.png>
Package pdftex.def Info: UML/Actividad/Diagrama de Actividad RF5.0 Mdulo de mediciones.png  used on input line 907.
(pdftex.def)             Requested size: 377.62642pt x 500.45819pt.


[82 <./UML/Actividad/Diagrama de Actividad RF4.6 Eliminar Integrante Cultivo.png (PNG copy)>]
<UML/Actividad/Diagrama de Actividad RF6.1 Crear Planta.png, id=1080, 295.5843pt x 693.0693pt>
File: UML/Actividad/Diagrama de Actividad RF6.1 Crear Planta.png Graphic file (type png)
<use UML/Actividad/Diagrama de Actividad RF6.1 Crear Planta.png>
Package pdftex.def Info: UML/Actividad/Diagrama de Actividad RF6.1 Crear Planta.png  used on input line 914.
(pdftex.def)             Requested size: 236.01561pt x 553.39867pt.


[83 <./UML/Actividad/Diagrama de Actividad RF5.0 Mdulo de mediciones.png (PNG copy)>]
Overfull \vbox (4.13501pt too high) has occurred while \output is active []



[84 <./UML/Actividad/Diagrama de Actividad RF6.1 Crear Planta.png (PNG copy)>]
<UML/Actividad/Diagrama de Actividad RF6.2 Consultar Planta.png, id=1089, 295.5843pt x 514.5624pt>
File: UML/Actividad/Diagrama de Actividad RF6.2 Consultar Planta.png Graphic file (type png)
<use UML/Actividad/Diagrama de Actividad RF6.2 Consultar Planta.png>
Package pdftex.def Info: UML/Actividad/Diagrama de Actividad RF6.2 Consultar Planta.png  used on input line 921.
(pdftex.def)             Requested size: 306.81741pt x 534.15083pt.
<UML/Actividad/Diagrama de Actividad RF6.3 Editar Planta.png, id=1090, 295.5843pt x 841.9455pt>
File: UML/Actividad/Diagrama de Actividad RF6.3 Editar Planta.png Graphic file (type png)
<use UML/Actividad/Diagrama de Actividad RF6.3 Editar Planta.png>
Package pdftex.def Info: UML/Actividad/Diagrama de Actividad RF6.3 Editar Planta.png  used on input line 928.
(pdftex.def)             Requested size: 188.8096pt x 537.81552pt.


[85 <./UML/Actividad/Diagrama de Actividad RF6.2 Consultar Planta.png (PNG copy)>]
<UML/Actividad/Diagrama de Actividad RF6.4 Eliminar Planta.png, id=1095, 296.307pt x 878.8032pt>
File: UML/Actividad/Diagrama de Actividad RF6.4 Eliminar Planta.png Graphic file (type png)
<use UML/Actividad/Diagrama de Actividad RF6.4 Eliminar Planta.png>
Package pdftex.def Info: UML/Actividad/Diagrama de Actividad RF6.4 Eliminar Planta.png  used on input line 935.
(pdftex.def)             Requested size: 188.8096pt x 559.99162pt.


[86 <./UML/Actividad/Diagrama de Actividad RF6.3 Editar Planta.png (PNG copy)>]
Overfull \vbox (10.72797pt too high) has occurred while \output is active []



[87 <./UML/Actividad/Diagrama de Actividad RF6.4 Eliminar Planta.png (PNG copy)>]
<UML/Actividad/Diagrama de Actividad RF7.0 Generar Reporte.png, id=1104, 297.0297pt x 515.2851pt>
File: UML/Actividad/Diagrama de Actividad RF7.0 Generar Reporte.png Graphic file (type png)
<use UML/Actividad/Diagrama de Actividad RF7.0 Generar Reporte.png>
Package pdftex.def Info: UML/Actividad/Diagrama de Actividad RF7.0 Generar Reporte.png  used on input line 942.
(pdftex.def)             Requested size: 306.81741pt x 532.31424pt.
<UML/Actividad/Diagrama de Actividad RF7.1 Descargar Reporte.png, id=1105, 297.7524pt x 516.0078pt>
File: UML/Actividad/Diagrama de Actividad RF7.1 Descargar Reporte.png Graphic file (type png)
<use UML/Actividad/Diagrama de Actividad RF7.1 Descargar Reporte.png>
Package pdftex.def Info: UML/Actividad/Diagrama de Actividad RF7.1 Descargar Reporte.png  used on input line 949.
(pdftex.def)             Requested size: 306.81741pt x 531.71443pt.


[88 <./UML/Actividad/Diagrama de Actividad RF7.0 Generar Reporte.png (PNG copy)>]
<UML/Actividad/Diagrama de Actividad RF7.2 Adjuntar Reporte.png, id=1111, 296.307pt x 642.4803pt>
File: UML/Actividad/Diagrama de Actividad RF7.2 Adjuntar Reporte.png Graphic file (type png)
<use UML/Actividad/Diagrama de Actividad RF7.2 Adjuntar Reporte.png>
Package pdftex.def Info: UML/Actividad/Diagrama de Actividad RF7.2 Adjuntar Reporte.png  used on input line 956.
(pdftex.def)             Requested size: 236.01561pt x 511.75955pt.


[89 <./UML/Actividad/Diagrama de Actividad RF7.1 Descargar Reporte.png (PNG copy)>]
<UML/Actividad/Diagrama de Actividad RF8.1 Notificar Planta.png, id=1116, 295.5843pt x 690.1785pt>
File: UML/Actividad/Diagrama de Actividad RF8.1 Notificar Planta.png Graphic file (type png)
<use UML/Actividad/Diagrama de Actividad RF8.1 Notificar Planta.png>
Package pdftex.def Info: UML/Actividad/Diagrama de Actividad RF8.1 Notificar Planta.png  used on input line 963.
(pdftex.def)             Requested size: 236.01561pt x 551.09042pt.


[90 <./UML/Actividad/Diagrama de Actividad RF7.2 Adjuntar Reporte.png (PNG copy)>]
Overfull \vbox (1.82677pt too high) has occurred while \output is active []



[91 <./UML/Actividad/Diagrama de Actividad RF8.1 Notificar Planta.png (PNG copy)>]
<UML/Actividad/Diagrama de Actividad RF8.2 Notificar Seguridad.png, id=1125, 295.5843pt x 405.4347pt>
File: UML/Actividad/Diagrama de Actividad RF8.2 Notificar Seguridad.png Graphic file (type png)
<use UML/Actividad/Diagrama de Actividad RF8.2 Notificar Seguridad.png>
Package pdftex.def Info: UML/Actividad/Diagrama de Actividad RF8.2 Notificar Seguridad.png  used on input line 970.
(pdftex.def)             Requested size: 377.62642pt x 518.00192pt.
<UML/Actividad/Diagrama de Actividad RF9.1 Crear Observacin.png, id=1126, 296.307pt x 693.0693pt>
File: UML/Actividad/Diagrama de Actividad RF9.1 Crear Observacin.png Graphic file (type png)
<use UML/Actividad/Diagrama de Actividad RF9.1 Crear Observacin.png>
Package pdftex.def Info: UML/Actividad/Diagrama de Actividad RF9.1 Crear Observacin.png  used on input line 977.
(pdftex.def)             Requested size: 236.01561pt x 552.05559pt.


[92 <./UML/Actividad/Diagrama de Actividad RF8.2 Notificar Seguridad.png (PNG copy)>]
Overfull \vbox (2.79193pt too high) has occurred while \output is active []



[93 <./UML/Actividad/Diagrama de Actividad RF9.1 Crear Observacin.png (PNG copy)>]
<UML/Actividad/Diagrama de Actividad RF9.2 Consultar Observacin.png, id=1135, 296.307pt x 514.5624pt>
File: UML/Actividad/Diagrama de Actividad RF9.2 Consultar Observacin.png Graphic file (type png)
<use UML/Actividad/Diagrama de Actividad RF9.2 Consultar Observacin.png>
Package pdftex.def Info: UML/Actividad/Diagrama de Actividad RF9.2 Consultar Observacin.png  used on input line 984.
(pdftex.def)             Requested size: 306.81741pt x 532.85532pt.


[94 <./UML/Actividad/Diagrama de Actividad RF9.2 Consultar Observacin.png (PNG copy)>]
<UML/Otros/Diagrama de Despliegue.png, id=1151, 431.4519pt x 387.3672pt>
File: UML/Otros/Diagrama de Despliegue.png Graphic file (type png)
<use UML/Otros/Diagrama de Despliegue.png>
Package pdftex.def Info: UML/Otros/Diagrama de Despliegue.png  used on input line 1007.
(pdftex.def)             Requested size: 377.62642pt x 339.05186pt.


[95]

[96 <./UML/Otros/Diagrama de Despliegue.png (PNG copy)>])

[97]

[98]
\openout2 = `capitulo_hardware.aux'.

 (capitulo_hardware.tex
Cap\'{\i }tulo 3.


[99




]

[100]

[101])

[102]
\openout2 = `capitulo_experimento.aux'.

 (capitulo_experimento.tex
Cap\'{\i }tulo 4.
LaTeX Font Info:    Font shape `T1/ntxtlf/b/it' will be
(Font)              scaled to size 17.28pt on input line 15.


[103




])

[104]
\openout2 = `capitulo_ia.aux'.

 (capitulo_ia.tex
Cap\'{\i }tulo 5.


[105




]

[106])

[107]
\openout2 = `capitulo_conclusiones.aux'.

 (capitulo_conclusiones.tex
Cap\'{\i }tulo 6.

Overfull \hbox (12.15042pt too wide) in paragraph at lines 2--2
|[]\T1/ntxtlf/b/n/24.88 RESULTADOS Y CON-CLU-SIO-NES FI-
 []



[108




])

[109] (main.bbl

Package hyperref Warning: The anchor of a bookmark and its parent's must not
(hyperref)                be the same. Added a new anchor on input line 1.

)

[110


]
<anexos/ponenciagab1.pdf, id=1220, 1300.86pt x 867.24pt>
File: anexos/ponenciagab1.pdf Graphic file (type pdf)
<use anexos/ponenciagab1.pdf>
Package pdftex.def Info: anexos/ponenciagab1.pdf  used on input line 285.
(pdftex.def)             Requested size: 1300.85684pt x 867.2379pt.
<anexos/ponenciajuan1.pdf, id=1222, 1300.86pt x 867.24pt>
File: anexos/ponenciajuan1.pdf Graphic file (type pdf)
<use anexos/ponenciajuan1.pdf>
Package pdftex.def Info: anexos/ponenciajuan1.pdf  used on input line 285.
(pdftex.def)             Requested size: 1300.85684pt x 867.2379pt.
<anexos/ponenciagab1.pdf, id=1224, page=1, 1300.86pt x 867.24pt>
File: anexos/ponenciagab1.pdf Graphic file (type pdf)
<use anexos/ponenciagab1.pdf, page 1>
Package pdftex.def Info: anexos/ponenciagab1.pdf , page1 used on input line 285.
(pdftex.def)             Requested size: 1300.85684pt x 867.2379pt.
File: anexos/ponenciagab1.pdf Graphic file (type pdf)
<use anexos/ponenciagab1.pdf, page 1>
Package pdftex.def Info: anexos/ponenciagab1.pdf , page1 used on input line 285.
(pdftex.def)             Requested size: 596.37822pt x 397.58548pt.


[111

]

[112]
File: anexos/ponenciagab1.pdf Graphic file (type pdf)
<use anexos/ponenciagab1.pdf, page 1>
Package pdftex.def Info: anexos/ponenciagab1.pdf , page1 used on input line 285.
(pdftex.def)             Requested size: 596.37822pt x 397.58548pt.
File: anexos/ponenciagab1.pdf Graphic file (type pdf)
<use anexos/ponenciagab1.pdf, page 1>
Package pdftex.def Info: anexos/ponenciagab1.pdf , page1 used on input line 285.
(pdftex.def)             Requested size: 596.37822pt x 397.58548pt.
<anexos/ponenciajuan1.pdf, id=1234, page=1, 1300.86pt x 867.24pt>
File: anexos/ponenciajuan1.pdf Graphic file (type pdf)
<use anexos/ponenciajuan1.pdf, page 1>
Package pdftex.def Info: anexos/ponenciajuan1.pdf , page1 used on input line 285.
(pdftex.def)             Requested size: 596.37822pt x 397.58548pt.
File: anexos/ponenciajuan1.pdf Graphic file (type pdf)
<use anexos/ponenciajuan1.pdf, page 1>
Package pdftex.def Info: anexos/ponenciajuan1.pdf , page1 used on input line 285.
(pdftex.def)             Requested size: 596.37822pt x 397.58548pt.


File: anexos/ponenciagab1.pdf Graphic file (type pdf)
<use anexos/ponenciagab1.pdf, page 1>
Package pdftex.def Info: anexos/ponenciagab1.pdf , page1 used on input line 285.
(pdftex.def)             Requested size: 596.37822pt x 397.58548pt.
File: anexos/ponenciajuan1.pdf Graphic file (type pdf)
<use anexos/ponenciajuan1.pdf, page 1>
Package pdftex.def Info: anexos/ponenciajuan1.pdf , page1 used on input line 285.
(pdftex.def)             Requested size: 596.37822pt x 397.58548pt.
[113

 <./anexos/ponenciagab1.pdf> <./anexos/ponenciajuan1.pdf

pdfTeX warning: pdflatex (file ./anexos/ponenciajuan1.pdf): PDF inclusion: multiple pdfs with page group included in a single page
>] (main.aux
LaTeX Info: Redefining \. on input line 12.
LaTeX Info: Redefining \% on input line 12.
 (capitulo_investigacion.aux) (capitulo_software.aux) (capitulo_hardware.aux) (capitulo_experimento.aux) (capitulo_ia.aux) (capitulo_conclusiones.aux))
 ***********
LaTeX2e <2024-11-01> patch level 2
L3 programming layer <2020/03/25>
 ***********
Package rerunfilecheck Info: File `main.out' has not changed.
(rerunfilecheck)             Checksum: 5FDECFD07758BCC6183848C11595EAA3;15055.
 ) 
Here is how much of TeX's memory you used:
 22266 strings out of 469959
 373728 string characters out of 5469834
 735895 words of memory out of 5000000
 48371 multiletter control sequences out of 15000+600000
 670126 words of font info for 81 fonts, out of 8000000 for 9000
 1141 hyphenation exceptions out of 8191
 75i,17n,117p,1241b,830s stack positions out of 10000i,1000n,20000p,200000b,200000s
<C:/Users/gabma/AppData/Local/Programs/MiKTeX/fonts/type1/public/tex-gyre/qtmr.pfb><C:/Users/gabma/AppData/Local/Programs/MiKTeX/fonts/type1/public/txfonts/t1xbtt.pfb><C:/Users/gabma/AppData/Local/Programs/MiKTeX/fonts/type1/public/txfonts/t1xtt.pfb><C:/Users/gabma/AppData/Local/Programs/MiKTeX/fonts/type1/public/newtx/txsys.pfb><C:/Users/gabma/AppData/Local/Programs/MiKTeX/fonts/type1/public/newtx/ztmb.pfb><C:/Users/gabma/AppData/Local/Programs/MiKTeX/fonts/type1/public/newtx/ztmbi.pfb><C:/Users/gabma/AppData/Local/Programs/MiKTeX/fonts/type1/public/newtx/ztmr.pfb><C:/Users/gabma/AppData/Local/Programs/MiKTeX/fonts/type1/public/newtx/ztmri.pfb>
Output written on main.pdf (128 pages, 14566631 bytes).
PDF statistics:
 1404 PDF objects out of 1440 (max. 8388607)
 299 named destinations out of 1000 (max. 500000)
 1030 words of extra memory for PDF output out of 10000 (max. 10000000)

