\BOOKMARK [0][-]{chapter*.1}{\376\377\000D\000e\000d\000i\000c\000a\000t\000o\000r\000i\000a}{}% 1
\BOOKMARK [0][-]{chapter*.2}{\376\377\000A\000g\000r\000a\000d\000e\000c\000i\000m\000i\000e\000n\000t\000o\000s}{}% 2
\BOOKMARK [0][-]{chapter*.3}{\376\377\000R\000e\000s\000u\000m\000e\000n}{}% 3
\BOOKMARK [0][-]{chapter*.4}{\376\377\000A\000b\000s\000t\000r\000a\000c\000t}{}% 4
\BOOKMARK [0][-]{chapter*.4}{\376\377\000L\000i\000s\000t\000a\000\040\000d\000e\000\040\000T\000a\000b\000l\000a\000s}{}% 5
\BOOKMARK [0][-]{chapter*.4}{\376\377\000L\000i\000s\000t\000a\000\040\000d\000e\000\040\000F\000i\000g\000u\000r\000a\000s}{}% 6
\BOOKMARK [0][-]{chapter*.5}{\376\377\000L\000i\000s\000t\000a\000\040\000d\000e\000\040\000A\000n\000e\000x\000o\000s}{}% 7
\BOOKMARK [0][-]{chapter*.6}{\376\377\000I\000n\000t\000r\000o\000d\000u\000c\000c\000i\000\363\000n}{}% 8
\BOOKMARK [0][-]{chapter.1}{\376\377\000I\000N\000F\000O\000R\000M\000E\000\040\000D\000E\000\040\000I\000N\000V\000E\000S\000T\000I\000G\000A\000C\000I\000\323\000N}{}% 9
\BOOKMARK [1][-]{section.1.1}{\376\377\000E\000s\000t\000a\000d\000o\000\040\000d\000e\000l\000\040\000A\000r\000t\000e}{chapter.1}% 10
\BOOKMARK [1][-]{section.1.2}{\376\377\000L\000\355\000n\000e\000a\000\040\000d\000e\000\040\000I\000n\000v\000e\000s\000t\000i\000g\000a\000c\000i\000\363\000n}{chapter.1}% 11
\BOOKMARK [1][-]{section.1.3}{\376\377\000P\000l\000a\000n\000t\000e\000a\000m\000i\000e\000n\000t\000o\000\040\000d\000e\000l\000\040\000P\000r\000o\000b\000l\000e\000m\000a\000\040\000y\000\040\000P\000r\000e\000g\000u\000n\000t\000a\000\040\000d\000e\000\040\000I\000n\000v\000e\000s\000t\000i\000g\000a\000c\000i\000\363\000n}{chapter.1}% 12
\BOOKMARK [1][-]{section.1.4}{\376\377\000O\000b\000j\000e\000t\000i\000v\000o\000\040\000G\000e\000n\000e\000r\000a\000l\000\040\000y\000\040\000O\000b\000j\000e\000t\000i\000v\000o\000s\000\040\000E\000s\000p\000e\000c\000\355\000f\000i\000c\000o\000s}{chapter.1}% 13
\BOOKMARK [2][-]{subsection.1.4.1}{\376\377\000O\000b\000j\000e\000t\000i\000v\000o\000\040\000G\000e\000n\000e\000r\000a\000l}{section.1.4}% 14
\BOOKMARK [2][-]{subsection.1.4.2}{\376\377\000O\000b\000j\000e\000t\000i\000v\000o\000s\000\040\000E\000s\000p\000e\000c\000\355\000f\000i\000c\000o\000s}{section.1.4}% 15
\BOOKMARK [1][-]{section.1.5}{\376\377\000\040\000A\000l\000c\000a\000n\000c\000e\000\040\000e\000\040\000I\000m\000p\000a\000c\000t\000o\000\040\000d\000e\000l\000\040\000P\000r\000o\000y\000e\000c\000t\000o\000\040}{chapter.1}% 16
\BOOKMARK [1][-]{section.1.6}{\376\377\000M\000e\000t\000o\000d\000o\000l\000o\000g\000\355\000a}{chapter.1}% 17
\BOOKMARK [2][-]{subsection.1.6.1}{\376\377\000M\000e\000t\000o\000d\000o\000l\000o\000g\000\355\000a\000\040\000d\000e\000\040\000I\000n\000v\000e\000s\000t\000i\000g\000a\000c\000i\000\363\000n}{section.1.6}% 18
\BOOKMARK [2][-]{subsection.1.6.2}{\376\377\000M\000e\000t\000o\000d\000o\000l\000o\000g\000\355\000a\000\040\000d\000e\000\040\000D\000e\000s\000a\000r\000r\000o\000l\000l\000o}{section.1.6}% 19
\BOOKMARK [1][-]{section.1.7}{\376\377\000M\000a\000r\000c\000o\000s\000\040\000d\000e\000\040\000R\000e\000f\000e\000r\000e\000n\000c\000i\000a}{chapter.1}% 20
\BOOKMARK [2][-]{subsection.1.7.1}{\376\377\000M\000a\000r\000c\000o\000\040\000T\000e\000\363\000r\000i\000c\000o}{section.1.7}% 21
\BOOKMARK [2][-]{subsection.1.7.2}{\376\377\000M\000a\000r\000c\000o\000\040\000L\000e\000g\000a\000l}{section.1.7}% 22
\BOOKMARK [0][-]{chapter.2}{\376\377\000D\000O\000C\000U\000M\000E\000N\000T\000A\000C\000I\000\323\000N\000\040\000D\000E\000L\000\040\000S\000O\000F\000T\000W\000A\000R\000E}{}% 23
\BOOKMARK [1][-]{section.2.1}{\376\377\000P\000l\000a\000n\000\040\000d\000e\000\040\000P\000r\000o\000y\000e\000c\000t\000o}{chapter.2}% 24
\BOOKMARK [1][-]{section.2.2}{\376\377\000A\000r\000q\000u\000i\000t\000e\000c\000t\000u\000r\000a\000\040\000d\000e\000l\000\040\000S\000o\000f\000t\000w\000a\000r\000e}{chapter.2}% 25
\BOOKMARK [2][-]{subsection.2.2.1}{\376\377\000D\000e\000s\000a\000r\000r\000o\000l\000l\000o\000\040\000d\000e\000l\000\040\000F\000r\000o\000n\000t\000e\000n\000d}{section.2.2}% 26
\BOOKMARK [2][-]{subsection.2.2.2}{\376\377\000D\000e\000s\000a\000r\000r\000o\000l\000l\000o\000\040\000d\000e\000l\000\040\000B\000a\000c\000k\000e\000n\000d}{section.2.2}% 27
\BOOKMARK [2][-]{subsection.2.2.3}{\376\377\000I\000n\000t\000e\000g\000r\000a\000c\000i\000\363\000n\000\040\000F\000r\000o\000n\000t\000e\000n\000d\000-\000B\000a\000c\000k\000e\000n\000d}{section.2.2}% 28
\BOOKMARK [1][-]{section.2.3}{\376\377\000D\000e\000t\000e\000r\000m\000i\000n\000a\000c\000i\000\363\000n\000\040\000d\000e\000\040\000R\000e\000q\000u\000e\000r\000i\000m\000i\000e\000n\000t\000o\000s}{chapter.2}% 29
\BOOKMARK [1][-]{section.2.4}{\376\377\000E\000s\000p\000e\000c\000i\000f\000i\000c\000a\000c\000i\000\363\000n\000\040\000d\000e\000l\000\040\000D\000i\000s\000e\000\361\000o}{chapter.2}% 30
\BOOKMARK [2][-]{subsection.2.4.1}{\376\377\000M\000o\000d\000e\000l\000o\000\040\000d\000e\000\040\000E\000n\000t\000i\000d\000a\000d\000-\000R\000e\000l\000a\000c\000i\000\363\000n\000\040\000\050\000M\000E\000R\000\051}{section.2.4}% 31
\BOOKMARK [2][-]{subsection.2.4.2}{\376\377\000D\000i\000a\000g\000r\000a\000m\000a\000s\000\040\000d\000e\000\040\000C\000a\000s\000o\000s\000\040\000d\000e\000\040\000U\000s\000o}{section.2.4}% 32
\BOOKMARK [2][-]{subsection.2.4.3}{\376\377\000D\000i\000a\000g\000r\000a\000m\000a\000s\000\040\000d\000e\000\040\000S\000e\000c\000u\000e\000n\000c\000i\000a}{section.2.4}% 33
\BOOKMARK [2][-]{subsection.2.4.4}{\376\377\000D\000i\000a\000g\000r\000a\000m\000a\000s\000\040\000d\000e\000\040\000A\000c\000t\000i\000v\000i\000d\000a\000d\000e\000s}{section.2.4}% 34
\BOOKMARK [2][-]{subsection.2.4.5}{\376\377\000D\000i\000a\000g\000r\000a\000m\000a\000\040\000d\000e\000\040\000C\000l\000a\000s\000e\000s}{section.2.4}% 35
\BOOKMARK [2][-]{subsection.2.4.6}{\376\377\000D\000i\000a\000g\000r\000a\000m\000a\000\040\000d\000e\000\040\000D\000e\000s\000p\000l\000i\000e\000g\000u\000e}{section.2.4}% 36
\BOOKMARK [1][-]{section.2.5}{\376\377\000D\000i\000s\000e\000\361\000o\000\040\000d\000e\000\040\000l\000o\000s\000\040\000C\000a\000s\000o\000s\000\040\000d\000e\000\040\000P\000r\000u\000e\000b\000a}{chapter.2}% 37
\BOOKMARK [1][-]{section.2.6}{\376\377\000E\000s\000t\000i\000m\000a\000c\000i\000\363\000n\000\040\000d\000e\000\040\000R\000e\000c\000u\000r\000s\000o\000s}{chapter.2}% 38
\BOOKMARK [1][-]{section.2.7}{\376\377\000R\000e\000s\000u\000l\000t\000a\000d\000o\000s\000\040\000d\000e\000\040\000l\000a\000\040\000I\000m\000p\000l\000e\000m\000e\000n\000t\000a\000c\000i\000\363\000n\000\040\000d\000e\000l\000\040\000S\000o\000f\000t\000w\000a\000r\000e}{chapter.2}% 39
\BOOKMARK [1][-]{section.2.8}{\376\377\000C\000o\000n\000c\000l\000u\000s\000i\000o\000n\000e\000s\000\040\000y\000\040\000R\000e\000c\000o\000m\000e\000n\000d\000a\000c\000i\000o\000n\000e\000s\000\040\000d\000e\000l\000\040\000s\000o\000f\000t\000w\000a\000r\000e}{chapter.2}% 40
\BOOKMARK [0][-]{chapter.3}{\376\377\000D\000O\000C\000U\000M\000E\000N\000T\000A\000C\000I\000\323\000N\000\040\000D\000E\000L\000\040\000H\000A\000R\000D\000W\000A\000R\000E}{}% 41
\BOOKMARK [1][-]{section.3.1}{\376\377\000I\000n\000t\000r\000o\000d\000u\000c\000c\000i\000\363\000n}{chapter.3}% 42
\BOOKMARK [1][-]{section.3.2}{\376\377\000O\000b\000j\000e\000t\000i\000v\000o\000s}{chapter.3}% 43
\BOOKMARK [1][-]{section.3.3}{\376\377\000D\000e\000s\000c\000r\000i\000p\000c\000i\000\363\000n\000\040\000d\000e\000\040\000C\000o\000m\000p\000o\000n\000e\000n\000t\000e\000s}{chapter.3}% 44
\BOOKMARK [2][-]{subsection.3.3.1}{\376\377\000M\000i\000c\000r\000o\000c\000o\000n\000t\000r\000o\000l\000a\000d\000o\000r\000\040\000E\000S\000P\0003\0002\000-\000S\0003\000-\000W\000R\000O\000O\000M\000-\0001\000\040\000N\0001\0006\000R\0008}{section.3.3}% 45
\BOOKMARK [2][-]{subsection.3.3.2}{\376\377\000C\000\341\000m\000a\000r\000a\000\040\000t\000e\000r\000m\000o\000g\000r\000\341\000f\000i\000c\000a\000\040\000M\000L\000X\0009\0000\0006\0004\0000}{section.3.3}% 46
\BOOKMARK [2][-]{subsection.3.3.3}{\376\377\000S\000e\000n\000s\000o\000r\000\040\000d\000e\000\040\000l\000u\000z\000\040\000B\000H\0001\0007\0005\0000}{section.3.3}% 47
\BOOKMARK [2][-]{subsection.3.3.4}{\376\377\000S\000e\000n\000s\000o\000r\000\040\000d\000e\000\040\000h\000u\000m\000e\000d\000a\000d\000\040\000y\000\040\000t\000e\000m\000p\000e\000r\000a\000t\000u\000r\000a\000\040\000D\000H\000T\0002\0002}{section.3.3}% 48
\BOOKMARK [2][-]{subsection.3.3.5}{\376\377\000C\000\341\000m\000a\000r\000a\000\040\000R\000G\000B\000\040\000O\000V\0002\0006\0004\0000}{section.3.3}% 49
\BOOKMARK [2][-]{subsection.3.3.6}{\376\377\000R\000e\000g\000u\000l\000a\000d\000o\000r\000\040\000d\000e\000\040\000v\000o\000l\000t\000a\000j\000e\000\040\000L\000M\0002\0005\0009\0006}{section.3.3}% 50
\BOOKMARK [1][-]{section.3.4}{\376\377\000M\000e\000t\000o\000d\000o\000l\000o\000g\000\355\000a\000\040\000d\000e\000\040\000C\000a\000r\000a\000c\000t\000e\000r\000i\000z\000a\000c\000i\000\363\000n}{chapter.3}% 51
\BOOKMARK [2][-]{subsection.3.4.1}{\376\377\000E\000v\000a\000l\000u\000a\000c\000i\000\363\000n\000\040\000y\000\040\000v\000e\000r\000i\000f\000i\000c\000a\000c\000i\000\363\000n\000\040\000d\000e\000\040\000c\000o\000m\000p\000o\000n\000e\000n\000t\000e\000s}{section.3.4}% 52
\BOOKMARK [2][-]{subsection.3.4.2}{\376\377\000C\000o\000n\000f\000i\000g\000u\000r\000a\000c\000i\000\363\000n\000\040\000e\000\040\000I\000n\000t\000e\000g\000r\000a\000c\000i\000\363\000n\000\040\000d\000e\000l\000\040\000F\000i\000r\000m\000w\000a\000r\000e}{section.3.4}% 53
\BOOKMARK [2][-]{subsection.3.4.3}{\376\377\000V\000a\000l\000i\000d\000a\000c\000i\000\363\000n\000\040\000y\000\040\000A\000n\000\341\000l\000i\000s\000i\000s\000\040\000d\000e\000\040\000R\000e\000s\000u\000l\000t\000a\000d\000o\000s}{section.3.4}% 54
\BOOKMARK [1][-]{section.3.5}{\376\377\000I\000m\000p\000l\000e\000m\000e\000n\000t\000a\000c\000i\000\363\000n\000\040\000d\000e\000l\000\040\000S\000i\000s\000t\000e\000m\000a\000\040\000I\000n\000t\000e\000g\000r\000a\000d\000o}{chapter.3}% 55
\BOOKMARK [1][-]{section.3.6}{\376\377\000R\000e\000s\000u\000l\000t\000a\000d\000o\000s}{chapter.3}% 56
\BOOKMARK [0][-]{chapter.4}{\376\377\000E\000S\000T\000U\000D\000I\000O\000\040\000E\000X\000P\000E\000R\000I\000M\000E\000N\000T\000A\000L}{}% 57
\BOOKMARK [1][-]{section.4.1}{\376\377\000I\000n\000t\000r\000o\000d\000u\000c\000c\000i\000\363\000n}{chapter.4}% 58
\BOOKMARK [1][-]{section.4.2}{\376\377\000O\000b\000j\000e\000t\000i\000v\000o\000s}{chapter.4}% 59
\BOOKMARK [1][-]{section.4.3}{\376\377\000P\000r\000e\000p\000a\000r\000a\000c\000i\000\363\000n\000\040\000d\000e\000l\000\040\000H\000o\000n\000g\000o\000\040\000B\000o\000t\000r\000y\000t\000i\000s\000\040\000c\000i\000n\000e\000r\000e\000a}{chapter.4}% 60
\BOOKMARK [1][-]{section.4.4}{\376\377\000D\000i\000s\000e\000\361\000o\000\040\000E\000x\000p\000e\000r\000i\000m\000e\000n\000t\000a\000l}{chapter.4}% 61
\BOOKMARK [1][-]{section.4.5}{\376\377\000R\000e\000c\000o\000l\000e\000c\000c\000i\000\363\000n\000\040\000y\000\040\000A\000n\000\341\000l\000i\000s\000i\000s\000\040\000d\000e\000\040\000D\000a\000t\000o\000s}{chapter.4}% 62
\BOOKMARK [1][-]{section.4.6}{\376\377\000R\000e\000s\000u\000l\000t\000a\000d\000o\000s}{chapter.4}% 63
\BOOKMARK [0][-]{chapter.5}{\376\377\000I\000N\000T\000E\000L\000I\000G\000E\000N\000C\000I\000A\000\040\000A\000R\000T\000I\000F\000I\000C\000I\000A\000L\000\040\000E\000N\000\040\000L\000A\000\040\000D\000E\000T\000E\000C\000C\000I\000\323\000N\000\040\000T\000E\000M\000P\000R\000A\000N\000A}{}% 64
\BOOKMARK [1][-]{section.5.1}{\376\377\000I\000n\000t\000r\000o\000d\000u\000c\000c\000i\000\363\000n}{chapter.5}% 65
\BOOKMARK [1][-]{section.5.2}{\376\377\000O\000b\000j\000e\000t\000i\000v\000o\000s}{chapter.5}% 66
\BOOKMARK [1][-]{section.5.3}{\376\377\000P\000r\000e\000p\000r\000o\000c\000e\000s\000a\000m\000i\000e\000n\000t\000o\000\040\000d\000e\000\040\000D\000a\000t\000o\000s}{chapter.5}% 67
\BOOKMARK [1][-]{section.5.4}{\376\377\000M\000o\000d\000e\000l\000o\000s\000\040\000d\000e\000\040\000I\000n\000t\000e\000l\000i\000g\000e\000n\000c\000i\000a\000\040\000A\000r\000t\000i\000f\000i\000c\000i\000a\000l\000\040\000U\000t\000i\000l\000i\000z\000a\000d\000o\000s}{chapter.5}% 68
\BOOKMARK [1][-]{section.5.5}{\376\377\000E\000v\000a\000l\000u\000a\000c\000i\000\363\000n\000\040\000d\000e\000\040\000M\000o\000d\000e\000l\000o\000s}{chapter.5}% 69
\BOOKMARK [1][-]{section.5.6}{\376\377\000R\000e\000s\000u\000l\000t\000a\000d\000o\000s}{chapter.5}% 70
\BOOKMARK [0][-]{chapter.6}{\376\377\000R\000E\000S\000U\000L\000T\000A\000D\000O\000S\000\040\000Y\000\040\000C\000O\000N\000C\000L\000U\000S\000I\000O\000N\000E\000S\000\040\000F\000I\000N\000A\000L\000E\000S}{}% 71
\BOOKMARK [1][-]{section.6.1}{\376\377\000P\000r\000e\000g\000u\000n\000t\000a\000\040\000d\000e\000\040\000i\000n\000v\000e\000s\000t\000i\000g\000a\000c\000i\000\363\000n}{chapter.6}% 72
\BOOKMARK [1][-]{section.6.2}{\376\377\000D\000i\000s\000c\000u\000s\000i\000\363\000n\000\040\000G\000e\000n\000e\000r\000a\000l}{chapter.6}% 73
\BOOKMARK [1][-]{section.6.3}{\376\377\000R\000e\000c\000o\000m\000e\000n\000d\000a\000c\000i\000o\000n\000e\000s}{chapter.6}% 74
\BOOKMARK [1][-]{section.6.4}{\376\377\000C\000o\000n\000c\000l\000u\000s\000i\000o\000n\000e\000s\000\040\000F\000i\000n\000a\000l\000e\000s}{chapter.6}% 75
\BOOKMARK [0][-]{section.6.4}{\376\377\000B\000i\000b\000l\000i\000o\000g\000r\000a\000f\000\355\000a}{}% 76
\BOOKMARK [0][-]{appendix*.76}{\376\377\000A\000n\000e\000x\000o\000s}{}% 77
\BOOKMARK [1][-]{section.Alph0.1}{\376\377\000C\000\363\000d\000i\000g\000o\000\040\000F\000u\000e\000n\000t\000e\000\040\000d\000e\000l\000\040\000M\000\363\000d\000u\000l\000o\000\040\000P\000r\000i\000n\000c\000i\000p\000a\000l}{appendix*.76}% 78
\BOOKMARK [1][-]{section.Alph0.2}{\376\377\000M\000a\000n\000u\000a\000l\000\040\000d\000e\000\040\000U\000s\000u\000a\000r\000i\000o\000\040\000p\000o\000r\000\040\000R\000o\000l\000e\000s}{appendix*.76}% 79
\BOOKMARK [1][-]{section.Alph0.3}{\376\377\000M\000a\000n\000u\000a\000l\000\040\000d\000e\000\040\000I\000n\000s\000t\000a\000l\000a\000c\000i\000\363\000n}{appendix*.76}% 80
\BOOKMARK [1][-]{section.Alph0.4}{\376\377\000A\000r\000t\000\355\000c\000u\000l\000o\000s\000\040\000d\000e\000\040\000R\000e\000s\000u\000l\000t\000a\000d\000o\000s\000\040\000d\000e\000\040\000I\000n\000v\000e\000s\000t\000i\000g\000a\000c\000i\000\363\000n}{appendix*.76}% 81
\BOOKMARK [1][-]{section.Alph0.5}{\376\377\000C\000e\000r\000t\000i\000f\000i\000c\000a\000c\000i\000o\000n\000e\000s\000\040\000d\000e\000\040\000P\000o\000n\000e\000n\000c\000i\000a\000s\000\040\000y\000\040\000C\000o\000n\000t\000r\000o\000l\000e\000s\000\040\000d\000e\000\040\000S\000e\000g\000u\000i\000m\000i\000e\000n\000t\000o}{appendix*.76}% 82
